Using pre-set license
Built from '2022.3/staging' branch; Version is '2022.3.10f1 (ff3792e53c62) revision 16725906'; Using compiler version '192829333'; Build Type 'Release'
OS: 'Windows 11  (10.0.22631) 64bit Professional' Language: 'pt' Physical Memory: 16308 MB
BatchMode: 1, IsHumanControllingUs: 0, StartBugReporterOnCrash: 0, Is64bit: 1, IsPro: 1

COMMAND LINE ARGUMENTS:
C:\Program Files\Unity\Hub\Editor\2022.3.10f1\Editor\Unity.exe
-adb2
-batchMode
-noUpm
-name
AssetImportWorker7
-projectPath
C:/Users/rafae/OneDrive/Ãrea de Trabalho/Rodrigo/FECAP/Projeto-Unity/unity-maya-fecap
-logFile
Logs/AssetImportWorker7.log
-srvPort
56821
Successfully changed project path to: C:/Users/rafae/OneDrive/Ãrea de Trabalho/Rodrigo/FECAP/Projeto-Unity/unity-maya-fecap
C:/Users/rafae/OneDrive/Ãrea de Trabalho/Rodrigo/FECAP/Projeto-Unity/unity-maya-fecap
[UnityMemory] Configuration Parameters - Can be set up in boot.config
    "memorysetup-bucket-allocator-granularity=16"
    "memorysetup-bucket-allocator-bucket-count=8"
    "memorysetup-bucket-allocator-block-size=33554432"
    "memorysetup-bucket-allocator-block-count=8"
    "memorysetup-main-allocator-block-size=16777216"
    "memorysetup-thread-allocator-block-size=16777216"
    "memorysetup-gfx-main-allocator-block-size=16777216"
    "memorysetup-gfx-thread-allocator-block-size=16777216"
    "memorysetup-cache-allocator-block-size=4194304"
    "memorysetup-typetree-allocator-block-size=2097152"
    "memorysetup-profiler-bucket-allocator-granularity=16"
    "memorysetup-profiler-bucket-allocator-bucket-count=8"
    "memorysetup-profiler-bucket-allocator-block-size=33554432"
    "memorysetup-profiler-bucket-allocator-block-count=8"
    "memorysetup-profiler-allocator-block-size=16777216"
    "memorysetup-profiler-editor-allocator-block-size=1048576"
    "memorysetup-temp-allocator-size-main=16777216"
    "memorysetup-job-temp-allocator-block-size=2097152"
    "memorysetup-job-temp-allocator-block-size-background=1048576"
    "memorysetup-job-temp-allocator-reduction-small-platforms=262144"
    "memorysetup-allocator-temp-initial-block-size-main=262144"
    "memorysetup-allocator-temp-initial-block-size-worker=262144"
    "memorysetup-temp-allocator-size-background-worker=32768"
    "memorysetup-temp-allocator-size-job-worker=262144"
    "memorysetup-temp-allocator-size-preload-manager=33554432"
    "memorysetup-temp-allocator-size-nav-mesh-worker=65536"
    "memorysetup-temp-allocator-size-audio-worker=65536"
    "memorysetup-temp-allocator-size-cloud-worker=32768"
    "memorysetup-temp-allocator-size-gi-baking-worker=262144"
    "memorysetup-temp-allocator-size-gfx=262144"
Player connection [33984] Host "[IP] 192.168.15.26 [Port] 0 [Flags] 2 [Guid] 1731018445 [EditorId] 1731018445 [Version] 1048832 [Id] WindowsEditor(7,Rafael_Reis) [Debug] 1 [PackageName] WindowsEditor [ProjectName] Editor" joined multi-casting on [225.0.0.222:54997]...

Player connection [33984] Host "[IP] 192.168.15.26 [Port] 0 [Flags] 2 [Guid] 1731018445 [EditorId] 1731018445 [Version] 1048832 [Id] WindowsEditor(7,Rafael_Reis) [Debug] 1 [PackageName] WindowsEditor [ProjectName] Editor" joined alternative multi-casting on [225.0.0.222:34997]...

[Physics::Module] Initialized MultithreadedJobDispatcher with 11 workers.
Refreshing native plugins compatible for Editor in 20.25 ms, found 3 plugins.
Preloading 0 native plugins for Editor in 0.00 ms.
Initialize engine version: 2022.3.10f1 (ff3792e53c62)
[Subsystems] Discovering subsystems at path C:/Program Files/Unity/Hub/Editor/2022.3.10f1/Editor/Data/Resources/UnitySubsystems
[Subsystems] Discovering subsystems at path C:/Users/rafae/OneDrive/Ãrea de Trabalho/Rodrigo/FECAP/Projeto-Unity/unity-maya-fecap/Assets
GfxDevice: creating device client; threaded=0; jobified=0
Direct3D:
    Version:  Direct3D 11.0 [level 11.1]
    Renderer: NVIDIA GeForce GTX 1650 (ID=0x1f82)
    Vendor:   NVIDIA
    VRAM:     3949 MB
    Driver:   31.0.15.2756
Initialize mono
Mono path[0] = 'C:/Program Files/Unity/Hub/Editor/2022.3.10f1/Editor/Data/Managed'
Mono path[1] = 'C:/Program Files/Unity/Hub/Editor/2022.3.10f1/Editor/Data/MonoBleedingEdge/lib/mono/unityjit-win32'
Mono config path = 'C:/Program Files/Unity/Hub/Editor/2022.3.10f1/Editor/Data/MonoBleedingEdge/etc'
Using monoOptions --debugger-agent=transport=dt_socket,embedding=1,server=y,suspend=n,address=127.0.0.1:56944
Begin MonoManager ReloadAssembly
Registering precompiled unity dll's ...
Register platform support module: C:/Program Files/Unity/Hub/Editor/2022.3.10f1/Editor/Data/PlaybackEngines/WindowsStandaloneSupport/UnityEditor.WindowsStandalone.Extensions.dll
Registered in 0.005591 seconds.
- Loaded All Assemblies, in  0.293 seconds
Native extension for WindowsStandalone target not found
Mono: successfully reloaded assembly
- Finished resetting the current domain, in  0.219 seconds
Domain Reload Profiling: 511ms
	BeginReloadAssembly (88ms)
		ExecutionOrderSort (0ms)
		DisableScriptedObjects (0ms)
		BackupInstance (0ms)
		ReleaseScriptingObjects (0ms)
		CreateAndSetChildDomain (1ms)
	RebuildCommonClasses (28ms)
	RebuildNativeTypeToScriptingClass (9ms)
	initialDomainReloadingComplete (49ms)
	LoadAllAssembliesAndSetupDomain (117ms)
		LoadAssemblies (86ms)
		RebuildTransferFunctionScriptingTraits (0ms)
		AnalyzeDomain (115ms)
			TypeCache.Refresh (114ms)
				TypeCache.ScanAssembly (102ms)
			ScanForSourceGeneratedMonoScriptInfo (0ms)
			ResolveRequiredComponents (0ms)
	FinalizeReload (220ms)
		ReleaseScriptCaches (0ms)
		RebuildScriptCaches (0ms)
		SetupLoadedEditorAssemblies (170ms)
			LogAssemblyErrors (0ms)
			InitializePlatformSupportModulesInManaged (8ms)
			SetLoadedEditorAssemblies (6ms)
			RefreshPlugins (0ms)
			BeforeProcessingInitializeOnLoad (2ms)
			ProcessInitializeOnLoadAttributes (111ms)
			ProcessInitializeOnLoadMethodAttributes (43ms)
			AfterProcessingInitializeOnLoad (0ms)
			EditorAssembliesLoaded (0ms)
		ExecutionOrderSort2 (0ms)
		AwakeInstancesAfterBackupRestoration (0ms)
========================================================================
Worker process is ready to serve import requests
Begin MonoManager ReloadAssembly
Symbol file LoadedFromMemory is not a mono symbol file
- Loaded All Assemblies, in  0.667 seconds
Refreshing native plugins compatible for Editor in 13.12 ms, found 3 plugins.
Native extension for WindowsStandalone target not found
Package Manager log level set to [2]
[Package Manager] Server::EnsureServerProcessIsRunning -- launch failed, reason: Unity was launched with the -noUpm command-line argument
[Package Manager] UpmClient::Send -- Unable to send message (not connected to UPM process).
[Package Manager] Cannot connect to Unity Package Manager local server
Mono: successfully reloaded assembly
- Finished resetting the current domain, in  0.816 seconds
Domain Reload Profiling: 1481ms
	BeginReloadAssembly (133ms)
		ExecutionOrderSort (0ms)
		DisableScriptedObjects (5ms)
		BackupInstance (0ms)
		ReleaseScriptingObjects (0ms)
		CreateAndSetChildDomain (23ms)
	RebuildCommonClasses (29ms)
	RebuildNativeTypeToScriptingClass (9ms)
	initialDomainReloadingComplete (38ms)
	LoadAllAssembliesAndSetupDomain (455ms)
		LoadAssemblies (311ms)
		RebuildTransferFunctionScriptingTraits (0ms)
		AnalyzeDomain (218ms)
			TypeCache.Refresh (175ms)
				TypeCache.ScanAssembly (157ms)
			ScanForSourceGeneratedMonoScriptInfo (32ms)
			ResolveRequiredComponents (10ms)
	FinalizeReload (817ms)
		ReleaseScriptCaches (0ms)
		RebuildScriptCaches (0ms)
		SetupLoadedEditorAssemblies (661ms)
			LogAssemblyErrors (0ms)
			InitializePlatformSupportModulesInManaged (6ms)
			SetLoadedEditorAssemblies (4ms)
			RefreshPlugins (0ms)
			BeforeProcessingInitializeOnLoad (86ms)
			ProcessInitializeOnLoadAttributes (387ms)
			ProcessInitializeOnLoadMethodAttributes (172ms)
			AfterProcessingInitializeOnLoad (6ms)
			EditorAssembliesLoaded (0ms)
		ExecutionOrderSort2 (0ms)
		AwakeInstancesAfterBackupRestoration (6ms)
Launched and connected shader compiler UnityShaderCompiler.exe after 0.04 seconds
Refreshing native plugins compatible for Editor in 12.61 ms, found 3 plugins.
Preloading 0 native plugins for Editor in 0.00 ms.
Unloading 6847 Unused Serialized files (Serialized files now loaded: 0)
Unloading 143 unused Assets / (1.7 MB). Loaded Objects now: 7295.
Memory consumption went from 278.0 MB to 276.3 MB.
Total: 7.674200 ms (FindLiveObjects: 0.522300 ms CreateObjectMapping: 0.206900 ms MarkObjects: 6.316000 ms  DeleteObjects: 0.628000 ms)

AssetImportParameters requested are different than current active one (requested -> active):
  custom:container-demuxer-ogg: 62fdf1f143b41e24485cea50d1cbac27 -> 
  custom:framework-win-MediaFoundation: 216162199b28c13a410421893ffa2e32 -> 
  custom:container-muxer-webm: aa71ff27fc2769a1b78a27578f13a17b -> 
  custom:video-decoder-webm-vp8: 9c59270c3fd7afecdb556c50c9e8de78 -> 
  custom:SearchIndexIgnoredProperties: e643bd26f0fe6173181afceb89e7c659 -> 
  custom:AudioImporter_EditorPlatform: d09bf68614088b80899f8185d706f6e7 -> 
  custom:audio-decoder-ogg-vorbis: bf7c407c2cedff20999df2af8eb42d56 -> 
  custom:audio-encoder-webm-vorbis: bf7c407c2cedff20999df2af8eb42d56 -> 
  custom:video-codec-MediaFoundation-h265: 746d11721c4dcdbdad8f713fa42b33f4 -> 
  custom:video-decoder-ogg-theora: a1e56fd34408186e4bbccfd4996cb3dc -> 
  custom:CustomObjectIndexerAttribute: a3ef5dd2817f97addfee359851a9dba5 -> 
  custom:container-demuxer-webm: 4f35f7cbe854078d1ac9338744f61a02 -> 
  custom:video-encoder-webm-vp8: eb34c28f22e8b96e1ab97ce403110664 -> 
========================================================================
Received Import Request.
  Time since last request: 223260.176769 seconds.
  path: Assets/ModularLowpolyStreetsFree/Materials/Roads/Materials/Road-1-line-turn-1_AlbedoGloss.mat
  artifactKey: Guid(e2ce3eb1c9324ac4ab2b05ab8d13d99f) Importer(815301076,1909f56bfc062723c751e8b465ee728b)
Start importing Assets/ModularLowpolyStreetsFree/Materials/Roads/Materials/Road-1-line-turn-1_AlbedoGloss.mat using Guid(e2ce3eb1c9324ac4ab2b05ab8d13d99f) Importer(815301076,1909f56bfc062723c751e8b465ee728b)  -> (artifact id: '5d0da46ce2ecb0dbb3d25e807e86e2c3') in 0.245506 seconds
Number of updated asset objects reloaded before import = 0
Number of asset objects unloaded after import = 3
========================================================================
Received Import Request.
  Time since last request: 5.101396 seconds.
  path: Assets/ModularLowpolyStreetsFree/Materials/Roads/Crossroads-1-lines-walk.mat
  artifactKey: Guid(206d16026d8514549bfa91a62e6a7f5d) Importer(815301076,1909f56bfc062723c751e8b465ee728b)
Start importing Assets/ModularLowpolyStreetsFree/Materials/Roads/Crossroads-1-lines-walk.mat using Guid(206d16026d8514549bfa91a62e6a7f5d) Importer(815301076,1909f56bfc062723c751e8b465ee728b)  -> (artifact id: 'a5256d63c29cd725c131626a884cf12c') in 0.009162 seconds
Number of updated asset objects reloaded before import = 0
Number of asset objects unloaded after import = 2
========================================================================
Received Import Request.
  Time since last request: 0.000013 seconds.
  path: Assets/ModularLowpolyStreetsFree/Materials/Roads/Pavement.mat
  artifactKey: Guid(ad9b23eb22f4c5d4eab51aaec94fda13) Importer(815301076,1909f56bfc062723c751e8b465ee728b)
Start importing Assets/ModularLowpolyStreetsFree/Materials/Roads/Pavement.mat using Guid(ad9b23eb22f4c5d4eab51aaec94fda13) Importer(815301076,1909f56bfc062723c751e8b465ee728b)  -> (artifact id: 'df447d1d9fca51c4526e1700aec158ca') in 0.014431 seconds
Number of updated asset objects reloaded before import = 0
Number of asset objects unloaded after import = 3
========================================================================
Received Import Request.
  Time since last request: 0.000017 seconds.
  path: Assets/ModularLowpolyStreetsFree/Materials/Roads/Road-1-line-turn-2.mat
  artifactKey: Guid(e95b96e568a89b04eada01942ea3d4ca) Importer(815301076,1909f56bfc062723c751e8b465ee728b)
Start importing Assets/ModularLowpolyStreetsFree/Materials/Roads/Road-1-line-turn-2.mat using Guid(e95b96e568a89b04eada01942ea3d4ca) Importer(815301076,1909f56bfc062723c751e8b465ee728b)  -> (artifact id: '6f26ce44c03cc9a9c4c452f7b7a1106b') in 0.007866 seconds
Number of updated asset objects reloaded before import = 0
Number of asset objects unloaded after import = 2
========================================================================
Received Import Request.
  Time since last request: 12.769765 seconds.
  path: Assets/ModularLowpolyStreetsFree/Prefabs/Complex/Crossroads_circ.prefab
  artifactKey: Guid(d175b2d114b22ec43bdb82765e45905e) Importer(815301076,1909f56bfc062723c751e8b465ee728b)
Start importing Assets/ModularLowpolyStreetsFree/Prefabs/Complex/Crossroads_circ.prefab using Guid(d175b2d114b22ec43bdb82765e45905e) Importer(815301076,1909f56bfc062723c751e8b465ee728b)  -> (artifact id: 'ed1f797a337f85c4383cf73eb5934b6a') in 0.061802 seconds
Number of updated asset objects reloaded before import = 0
Number of asset objects unloaded after import = 209
========================================================================
Received Import Request.
  Time since last request: 0.000017 seconds.
  path: Assets/ModularLowpolyStreetsFree/Prefabs/Complex/Road_1_line_10m.prefab
  artifactKey: Guid(4563cd8ca3d35de49ab2f8b59f8f2f0e) Importer(815301076,1909f56bfc062723c751e8b465ee728b)
Start importing Assets/ModularLowpolyStreetsFree/Prefabs/Complex/Road_1_line_10m.prefab using Guid(4563cd8ca3d35de49ab2f8b59f8f2f0e) Importer(815301076,1909f56bfc062723c751e8b465ee728b)  -> (artifact id: '65eb371ccc7d553dc91988d4ffc54c9f') in 0.020554 seconds
Number of updated asset objects reloaded before import = 0
Number of asset objects unloaded after import = 323
========================================================================
Received Import Request.
  Time since last request: 17.735013 seconds.
  path: Assets/ModularLowpolyStreetsFree/Prefabs/Complex/Road_1_line_10m 1.prefab
  artifactKey: Guid(739ef80910a45ca4c9e71e8b7f3e3107) Importer(815301076,1909f56bfc062723c751e8b465ee728b)
Start importing Assets/ModularLowpolyStreetsFree/Prefabs/Complex/Road_1_line_10m 1.prefab using Guid(739ef80910a45ca4c9e71e8b7f3e3107) Importer(815301076,1909f56bfc062723c751e8b465ee728b)  -> (artifact id: 'ba36e1e28cffaa50e49d64d8c864fee8') in 0.015856 seconds
Number of updated asset objects reloaded before import = 0
Number of asset objects unloaded after import = 323
========================================================================
Received Import Request.
  Time since last request: 24.134837 seconds.
  path: Assets/ModularLowpolyStreetsFree/Prefabs/Other/Cafe_table_1.prefab
  artifactKey: Guid(b2afe1d4277a42d4fa77ec5e1dda634b) Importer(815301076,1909f56bfc062723c751e8b465ee728b)
Start importing Assets/ModularLowpolyStreetsFree/Prefabs/Other/Cafe_table_1.prefab using Guid(b2afe1d4277a42d4fa77ec5e1dda634b) Importer(815301076,1909f56bfc062723c751e8b465ee728b)  -> (artifact id: '605b5b1eecff2f94c57a92ec27c434cb') in 0.002116 seconds
Number of updated asset objects reloaded before import = 0
Number of asset objects unloaded after import = 7
========================================================================
Received Import Request.
  Time since last request: 0.000013 seconds.
  path: Assets/ModularLowpolyStreetsFree/Prefabs/Other/Pole2.prefab
  artifactKey: Guid(002e7cb3d86aa5f4f8a14ffe5a8fe3af) Importer(815301076,1909f56bfc062723c751e8b465ee728b)
Start importing Assets/ModularLowpolyStreetsFree/Prefabs/Other/Pole2.prefab using Guid(002e7cb3d86aa5f4f8a14ffe5a8fe3af) Importer(815301076,1909f56bfc062723c751e8b465ee728b)  -> (artifact id: 'a55815b3370bc3d588d0302bd92979ff') in 0.012017 seconds
Number of updated asset objects reloaded before import = 0
Number of asset objects unloaded after import = 51
========================================================================
Received Import Request.
  Time since last request: 0.000021 seconds.
  path: Assets/ModularLowpolyStreetsFree/Prefabs/Other/Tree1.prefab
  artifactKey: Guid(28a69432604101f4e8b2e93b7d82201d) Importer(815301076,1909f56bfc062723c751e8b465ee728b)
Start importing Assets/ModularLowpolyStreetsFree/Prefabs/Other/Tree1.prefab using Guid(28a69432604101f4e8b2e93b7d82201d) Importer(815301076,1909f56bfc062723c751e8b465ee728b)  -> (artifact id: 'fb19ed27843acfa675ea098d4ad9cd06') in 0.002856 seconds
Number of updated asset objects reloaded before import = 0
Number of asset objects unloaded after import = 13
========================================================================
Received Import Request.
  Time since last request: 0.000018 seconds.
  path: Assets/ModularLowpolyStreetsFree/Prefabs/Other/Traffic_light.prefab
  artifactKey: Guid(900f03829bb8941428e9260f447d5fba) Importer(815301076,1909f56bfc062723c751e8b465ee728b)
Start importing Assets/ModularLowpolyStreetsFree/Prefabs/Other/Traffic_light.prefab using Guid(900f03829bb8941428e9260f447d5fba) Importer(815301076,1909f56bfc062723c751e8b465ee728b)  -> (artifact id: '7531220e4d3cdd9e606498cd8c4e82eb') in 0.003182 seconds
Number of updated asset objects reloaded before import = 0
Number of asset objects unloaded after import = 29
========================================================================
Received Import Request.
  Time since last request: 0.000014 seconds.
  path: Assets/ModularLowpolyStreetsFree/Prefabs/Other/Sewer_hatch.prefab
  artifactKey: Guid(cf9f743314e83f945a022e4e1f773e3e) Importer(815301076,1909f56bfc062723c751e8b465ee728b)
Start importing Assets/ModularLowpolyStreetsFree/Prefabs/Other/Sewer_hatch.prefab using Guid(cf9f743314e83f945a022e4e1f773e3e) Importer(815301076,1909f56bfc062723c751e8b465ee728b)  -> (artifact id: '59b4b74acd4e9686fdb2c551736f494a') in 0.002288 seconds
Number of updated asset objects reloaded before import = 0
Number of asset objects unloaded after import = 6
========================================================================
Received Import Request.
  Time since last request: 13.190358 seconds.
  path: Assets/ModularLowpolyStreetsFree/Prefabs/Other/Components/Pole_light_comp.prefab
  artifactKey: Guid(a86700941998d83419a81fe06b94fc4e) Importer(815301076,1909f56bfc062723c751e8b465ee728b)
Start importing Assets/ModularLowpolyStreetsFree/Prefabs/Other/Components/Pole_light_comp.prefab using Guid(a86700941998d83419a81fe06b94fc4e) Importer(815301076,1909f56bfc062723c751e8b465ee728b)  -> (artifact id: 'b036040046517dcfe1572bf1b014488b') in 0.011307 seconds
Number of updated asset objects reloaded before import = 0
Number of asset objects unloaded after import = 10
========================================================================
Received Import Request.
  Time since last request: 0.000016 seconds.
  path: Assets/ModularLowpolyStreetsFree/Prefabs/Other/Components/Tree_area_1_comp.prefab
  artifactKey: Guid(97b8829923f1e05419b5d6e04df40c24) Importer(815301076,1909f56bfc062723c751e8b465ee728b)
Start importing Assets/ModularLowpolyStreetsFree/Prefabs/Other/Components/Tree_area_1_comp.prefab using Guid(97b8829923f1e05419b5d6e04df40c24) Importer(815301076,1909f56bfc062723c751e8b465ee728b)  -> (artifact id: '972bb34f1798099c6f90a900ad5756d1') in 0.002182 seconds
Number of updated asset objects reloaded before import = 0
Number of asset objects unloaded after import = 6
========================================================================
Received Import Request.
  Time since last request: 5.169413 seconds.
  path: Assets/ModularLowpolyStreetsFree/Prefabs/Roads/Crossroads_1_lines_walk.prefab
  artifactKey: Guid(566725c8dfb238f419a8e9342ffaab05) Importer(815301076,1909f56bfc062723c751e8b465ee728b)
Start importing Assets/ModularLowpolyStreetsFree/Prefabs/Roads/Crossroads_1_lines_walk.prefab using Guid(566725c8dfb238f419a8e9342ffaab05) Importer(815301076,1909f56bfc062723c751e8b465ee728b)  -> (artifact id: '3925a4b0a536f509a57c899e41f88dc9') in 0.013038 seconds
Number of updated asset objects reloaded before import = 0
Number of asset objects unloaded after import = 10
========================================================================
Received Import Request.
  Time since last request: 0.000022 seconds.
  path: Assets/ModularLowpolyStreetsFree/Prefabs/Roads/Road_1_line_turn.prefab
  artifactKey: Guid(98ccc622328d9af478c80599fd4022f0) Importer(815301076,1909f56bfc062723c751e8b465ee728b)
Start importing Assets/ModularLowpolyStreetsFree/Prefabs/Roads/Road_1_line_turn.prefab using Guid(98ccc622328d9af478c80599fd4022f0) Importer(815301076,1909f56bfc062723c751e8b465ee728b)  -> (artifact id: 'd57a59b4c142b1721de245f3fbb85b8a') in 0.011068 seconds
Number of updated asset objects reloaded before import = 0
Number of asset objects unloaded after import = 10
Editor requested this worker to shutdown with reason: Scaling down because of idle timeout
TcpMessagingSession - receive error: operation aborted. errorcode: 995, details: A operação de E/S foi anulada devido a uma saída de thread ou a uma requisição de aplicativo.
AssetImportWorker is now disconnected from the server
Process exiting
Exiting without the bug reporter. Application will terminate with return code 0