Using pre-set license
Built from '2022.3/staging' branch; Version is '2022.3.10f1 (ff3792e53c62) revision 16725906'; Using compiler version '192829333'; Build Type 'Release'
OS: 'Windows 11  (10.0.22631) 64bit Professional' Language: 'pt' Physical Memory: 16308 MB
BatchMode: 1, IsHumanControllingUs: 0, StartBugReporterOnCrash: 0, Is64bit: 1, IsPro: 1

COMMAND LINE ARGUMENTS:
C:\Program Files\Unity\Hub\Editor\2022.3.10f1\Editor\Unity.exe
-adb2
-batchMode
-noUpm
-name
AssetImportWorker6
-projectPath
C:/Users/rafae/OneDrive/Área de Trabalho/Rodrigo/FECAP/Projeto-Unity/unity-maya-fecap
-logFile
Logs/AssetImportWorker6.log
-srvPort
56821
Successfully changed project path to: C:/Users/rafae/OneDrive/Área de Trabalho/Rodrigo/FECAP/Projeto-Unity/unity-maya-fecap
C:/Users/rafae/OneDrive/Área de Trabalho/Rodrigo/FECAP/Projeto-Unity/unity-maya-fecap
[UnityMemory] Configuration Parameters - Can be set up in boot.config
    "memorysetup-bucket-allocator-granularity=16"
    "memorysetup-bucket-allocator-bucket-count=8"
    "memorysetup-bucket-allocator-block-size=33554432"
    "memorysetup-bucket-allocator-block-count=8"
    "memorysetup-main-allocator-block-size=16777216"
    "memorysetup-thread-allocator-block-size=16777216"
    "memorysetup-gfx-main-allocator-block-size=16777216"
    "memorysetup-gfx-thread-allocator-block-size=16777216"
    "memorysetup-cache-allocator-block-size=4194304"
    "memorysetup-typetree-allocator-block-size=2097152"
    "memorysetup-profiler-bucket-allocator-granularity=16"
    "memorysetup-profiler-bucket-allocator-bucket-count=8"
    "memorysetup-profiler-bucket-allocator-block-size=33554432"
    "memorysetup-profiler-bucket-allocator-block-count=8"
    "memorysetup-profiler-allocator-block-size=16777216"
    "memorysetup-profiler-editor-allocator-block-size=1048576"
    "memorysetup-temp-allocator-size-main=16777216"
    "memorysetup-job-temp-allocator-block-size=2097152"
    "memorysetup-job-temp-allocator-block-size-background=1048576"
    "memorysetup-job-temp-allocator-reduction-small-platforms=262144"
    "memorysetup-allocator-temp-initial-block-size-main=262144"
    "memorysetup-allocator-temp-initial-block-size-worker=262144"
    "memorysetup-temp-allocator-size-background-worker=32768"
    "memorysetup-temp-allocator-size-job-worker=262144"
    "memorysetup-temp-allocator-size-preload-manager=33554432"
    "memorysetup-temp-allocator-size-nav-mesh-worker=65536"
    "memorysetup-temp-allocator-size-audio-worker=65536"
    "memorysetup-temp-allocator-size-cloud-worker=32768"
    "memorysetup-temp-allocator-size-gi-baking-worker=262144"
    "memorysetup-temp-allocator-size-gfx=262144"
Player connection [7780] Host "[IP] 192.168.15.26 [Port] 0 [Flags] 2 [Guid] 2621818908 [EditorId] 2621818908 [Version] 1048832 [Id] WindowsEditor(7,Rafael_Reis) [Debug] 1 [PackageName] WindowsEditor [ProjectName] Editor" joined multi-casting on [225.0.0.222:54997]...

Player connection [7780] Host "[IP] 192.168.15.26 [Port] 0 [Flags] 2 [Guid] 2621818908 [EditorId] 2621818908 [Version] 1048832 [Id] WindowsEditor(7,Rafael_Reis) [Debug] 1 [PackageName] WindowsEditor [ProjectName] Editor" joined alternative multi-casting on [225.0.0.222:34997]...

[Physics::Module] Initialized MultithreadedJobDispatcher with 11 workers.
Refreshing native plugins compatible for Editor in 16.77 ms, found 3 plugins.
Preloading 0 native plugins for Editor in 0.00 ms.
Initialize engine version: 2022.3.10f1 (ff3792e53c62)
[Subsystems] Discovering subsystems at path C:/Program Files/Unity/Hub/Editor/2022.3.10f1/Editor/Data/Resources/UnitySubsystems
[Subsystems] Discovering subsystems at path C:/Users/rafae/OneDrive/Área de Trabalho/Rodrigo/FECAP/Projeto-Unity/unity-maya-fecap/Assets
GfxDevice: creating device client; threaded=0; jobified=0
Direct3D:
    Version:  Direct3D 11.0 [level 11.1]
    Renderer: NVIDIA GeForce GTX 1650 (ID=0x1f82)
    Vendor:   NVIDIA
    VRAM:     3949 MB
    Driver:   31.0.15.2756
Initialize mono
Mono path[0] = 'C:/Program Files/Unity/Hub/Editor/2022.3.10f1/Editor/Data/Managed'
Mono path[1] = 'C:/Program Files/Unity/Hub/Editor/2022.3.10f1/Editor/Data/MonoBleedingEdge/lib/mono/unityjit-win32'
Mono config path = 'C:/Program Files/Unity/Hub/Editor/2022.3.10f1/Editor/Data/MonoBleedingEdge/etc'
Using monoOptions --debugger-agent=transport=dt_socket,embedding=1,server=y,suspend=n,address=127.0.0.1:56524
Begin MonoManager ReloadAssembly
Registering precompiled unity dll's ...
Register platform support module: C:/Program Files/Unity/Hub/Editor/2022.3.10f1/Editor/Data/PlaybackEngines/WindowsStandaloneSupport/UnityEditor.WindowsStandalone.Extensions.dll
Registered in 0.004263 seconds.
- Loaded All Assemblies, in  0.227 seconds
Native extension for WindowsStandalone target not found
Mono: successfully reloaded assembly
- Finished resetting the current domain, in  0.168 seconds
Domain Reload Profiling: 393ms
	BeginReloadAssembly (71ms)
		ExecutionOrderSort (0ms)
		DisableScriptedObjects (0ms)
		BackupInstance (0ms)
		ReleaseScriptingObjects (0ms)
		CreateAndSetChildDomain (1ms)
	RebuildCommonClasses (23ms)
	RebuildNativeTypeToScriptingClass (7ms)
	initialDomainReloadingComplete (38ms)
	LoadAllAssembliesAndSetupDomain (86ms)
		LoadAssemblies (69ms)
		RebuildTransferFunctionScriptingTraits (0ms)
		AnalyzeDomain (85ms)
			TypeCache.Refresh (84ms)
				TypeCache.ScanAssembly (76ms)
			ScanForSourceGeneratedMonoScriptInfo (0ms)
			ResolveRequiredComponents (0ms)
	FinalizeReload (168ms)
		ReleaseScriptCaches (0ms)
		RebuildScriptCaches (0ms)
		SetupLoadedEditorAssemblies (130ms)
			LogAssemblyErrors (0ms)
			InitializePlatformSupportModulesInManaged (6ms)
			SetLoadedEditorAssemblies (5ms)
			RefreshPlugins (0ms)
			BeforeProcessingInitializeOnLoad (1ms)
			ProcessInitializeOnLoadAttributes (86ms)
			ProcessInitializeOnLoadMethodAttributes (32ms)
			AfterProcessingInitializeOnLoad (0ms)
			EditorAssembliesLoaded (0ms)
		ExecutionOrderSort2 (0ms)
		AwakeInstancesAfterBackupRestoration (0ms)
========================================================================
Worker process is ready to serve import requests
Begin MonoManager ReloadAssembly
Symbol file LoadedFromMemory is not a mono symbol file
- Loaded All Assemblies, in  0.551 seconds
Refreshing native plugins compatible for Editor in 10.77 ms, found 3 plugins.
Native extension for WindowsStandalone target not found
Package Manager log level set to [2]
[Package Manager] Server::EnsureServerProcessIsRunning -- launch failed, reason: Unity was launched with the -noUpm command-line argument
[Package Manager] UpmClient::Send -- Unable to send message (not connected to UPM process).
[Package Manager] Cannot connect to Unity Package Manager local server
Mono: successfully reloaded assembly
- Finished resetting the current domain, in  0.666 seconds
Domain Reload Profiling: 1214ms
	BeginReloadAssembly (101ms)
		ExecutionOrderSort (0ms)
		DisableScriptedObjects (4ms)
		BackupInstance (0ms)
		ReleaseScriptingObjects (0ms)
		CreateAndSetChildDomain (17ms)
	RebuildCommonClasses (22ms)
	RebuildNativeTypeToScriptingClass (8ms)
	initialDomainReloadingComplete (30ms)
	LoadAllAssembliesAndSetupDomain (387ms)
		LoadAssemblies (252ms)
		RebuildTransferFunctionScriptingTraits (0ms)
		AnalyzeDomain (191ms)
			TypeCache.Refresh (151ms)
				TypeCache.ScanAssembly (134ms)
			ScanForSourceGeneratedMonoScriptInfo (29ms)
			ResolveRequiredComponents (10ms)
	FinalizeReload (666ms)
		ReleaseScriptCaches (0ms)
		RebuildScriptCaches (0ms)
		SetupLoadedEditorAssemblies (538ms)
			LogAssemblyErrors (0ms)
			InitializePlatformSupportModulesInManaged (4ms)
			SetLoadedEditorAssemblies (3ms)
			RefreshPlugins (0ms)
			BeforeProcessingInitializeOnLoad (75ms)
			ProcessInitializeOnLoadAttributes (308ms)
			ProcessInitializeOnLoadMethodAttributes (143ms)
			AfterProcessingInitializeOnLoad (4ms)
			EditorAssembliesLoaded (0ms)
		ExecutionOrderSort2 (0ms)
		AwakeInstancesAfterBackupRestoration (5ms)
Launched and connected shader compiler UnityShaderCompiler.exe after 0.03 seconds
Refreshing native plugins compatible for Editor in 9.88 ms, found 3 plugins.
Preloading 0 native plugins for Editor in 0.00 ms.
Unloading 6848 Unused Serialized files (Serialized files now loaded: 0)
Unloading 144 unused Assets / (1.9 MB). Loaded Objects now: 7297.
Memory consumption went from 278.6 MB to 276.7 MB.
Total: 7.133400 ms (FindLiveObjects: 0.461000 ms CreateObjectMapping: 0.355200 ms MarkObjects: 5.580900 ms  DeleteObjects: 0.735500 ms)

AssetImportParameters requested are different than current active one (requested -> active):
  custom:container-demuxer-ogg: 62fdf1f143b41e24485cea50d1cbac27 -> 
  custom:framework-win-MediaFoundation: 216162199b28c13a410421893ffa2e32 -> 
  custom:container-muxer-webm: aa71ff27fc2769a1b78a27578f13a17b -> 
  custom:video-decoder-webm-vp8: 9c59270c3fd7afecdb556c50c9e8de78 -> 
  custom:SearchIndexIgnoredProperties: e643bd26f0fe6173181afceb89e7c659 -> 
  custom:AudioImporter_EditorPlatform: d09bf68614088b80899f8185d706f6e7 -> 
  custom:audio-decoder-ogg-vorbis: bf7c407c2cedff20999df2af8eb42d56 -> 
  custom:audio-encoder-webm-vorbis: bf7c407c2cedff20999df2af8eb42d56 -> 
  custom:video-codec-MediaFoundation-h265: 746d11721c4dcdbdad8f713fa42b33f4 -> 
  custom:video-decoder-ogg-theora: a1e56fd34408186e4bbccfd4996cb3dc -> 
  custom:CustomObjectIndexerAttribute: a3ef5dd2817f97addfee359851a9dba5 -> 
  custom:container-demuxer-webm: 4f35f7cbe854078d1ac9338744f61a02 -> 
  custom:video-encoder-webm-vp8: eb34c28f22e8b96e1ab97ce403110664 -> 
========================================================================
Received Import Request.
  Time since last request: 222856.105943 seconds.
  path: Assets/LowPolyEnviroPack_LITE_builtIn/BeachArea_Set1/Wood_Plank_A.prefab
  artifactKey: Guid(20901c90e3c33e945920b6c7ef9f5119) Importer(815301076,1909f56bfc062723c751e8b465ee728b)
Start importing Assets/LowPolyEnviroPack_LITE_builtIn/BeachArea_Set1/Wood_Plank_A.prefab using Guid(20901c90e3c33e945920b6c7ef9f5119) Importer(815301076,1909f56bfc062723c751e8b465ee728b)  -> (artifact id: '5a77a8a9590f373ce540630bcd63b56d') in 0.260034 seconds
Number of updated asset objects reloaded before import = 0
Number of asset objects unloaded after import = 13
========================================================================
Received Import Request.
  Time since last request: 1.848761 seconds.
  path: Assets/LowPolyEnviroPack_LITE_builtIn/BeachArea_Set1/Materials/LowPolyWater.mat
  artifactKey: Guid(895a988b69d5f5545be73141bafd93ff) Importer(815301076,1909f56bfc062723c751e8b465ee728b)
Start importing Assets/LowPolyEnviroPack_LITE_builtIn/BeachArea_Set1/Materials/LowPolyWater.mat using Guid(895a988b69d5f5545be73141bafd93ff) Importer(815301076,1909f56bfc062723c751e8b465ee728b)  -> (artifact id: '8dbe0200976c5d05ff7764219062e74c') in 0.033827 seconds
Number of updated asset objects reloaded before import = 0
Number of asset objects unloaded after import = 3
========================================================================
Received Import Request.
  Time since last request: 0.000019 seconds.
  path: Assets/LowPolyEnviroPack_LITE_builtIn/BeachArea_Set1/Materials/WaterMaterial 1.mat
  artifactKey: Guid(0fa4ec44aa24a09468d8dc44254367f7) Importer(815301076,1909f56bfc062723c751e8b465ee728b)
Start importing Assets/LowPolyEnviroPack_LITE_builtIn/BeachArea_Set1/Materials/WaterMaterial 1.mat using Guid(0fa4ec44aa24a09468d8dc44254367f7) Importer(815301076,1909f56bfc062723c751e8b465ee728b)  -> (artifact id: '99b15f87ec1a155374ef01b18d2ae8b3') in 0.008664 seconds
Number of updated asset objects reloaded before import = 0
Number of asset objects unloaded after import = 3
========================================================================
Received Import Request.
  Time since last request: 3.507968 seconds.
  path: Assets/LowPolyEnviroPack_LITE_builtIn/BeachArea_Set1/Prefabs/Barrel_B.prefab
  artifactKey: Guid(99a7a2af61691fe4e984724984ca1fe8) Importer(815301076,1909f56bfc062723c751e8b465ee728b)
Start importing Assets/LowPolyEnviroPack_LITE_builtIn/BeachArea_Set1/Prefabs/Barrel_B.prefab using Guid(99a7a2af61691fe4e984724984ca1fe8) Importer(815301076,1909f56bfc062723c751e8b465ee728b)  -> (artifact id: '6852e11e6a8ca1483f3df9706e710dea') in 0.019758 seconds
Number of updated asset objects reloaded before import = 0
Number of asset objects unloaded after import = 12
========================================================================
Received Import Request.
  Time since last request: 0.000015 seconds.
  path: Assets/LowPolyEnviroPack_LITE_builtIn/BeachArea_Set1/Prefabs/Bones_HumanRibcage.prefab
  artifactKey: Guid(59a414f38ccb14540adb72cc163d44a3) Importer(815301076,1909f56bfc062723c751e8b465ee728b)
Start importing Assets/LowPolyEnviroPack_LITE_builtIn/BeachArea_Set1/Prefabs/Bones_HumanRibcage.prefab using Guid(59a414f38ccb14540adb72cc163d44a3) Importer(815301076,1909f56bfc062723c751e8b465ee728b)  -> (artifact id: 'd34319ce19e275276adb03ed9fb5fd2d') in 0.016631 seconds
Number of updated asset objects reloaded before import = 0
Number of asset objects unloaded after import = 13
========================================================================
Received Import Request.
  Time since last request: 0.000015 seconds.
  path: Assets/LowPolyEnviroPack_LITE_builtIn/BeachArea_Set1/Prefabs/Chest_Closed.prefab
  artifactKey: Guid(fec4e40c38b8f5f4eb302dd6e4833c09) Importer(815301076,1909f56bfc062723c751e8b465ee728b)
Start importing Assets/LowPolyEnviroPack_LITE_builtIn/BeachArea_Set1/Prefabs/Chest_Closed.prefab using Guid(fec4e40c38b8f5f4eb302dd6e4833c09) Importer(815301076,1909f56bfc062723c751e8b465ee728b)  -> (artifact id: '0578a2852f128f2e5a8d44ea68e5362d') in 0.015347 seconds
Number of updated asset objects reloaded before import = 0
Number of asset objects unloaded after import = 12
========================================================================
Received Import Request.
  Time since last request: 0.000015 seconds.
  path: Assets/LowPolyEnviroPack_LITE_builtIn/BeachArea_Set1/Prefabs/Chest_Lid.prefab
  artifactKey: Guid(f26817945c9b0444c9e1ca42c7c22bcb) Importer(815301076,1909f56bfc062723c751e8b465ee728b)
Start importing Assets/LowPolyEnviroPack_LITE_builtIn/BeachArea_Set1/Prefabs/Chest_Lid.prefab using Guid(f26817945c9b0444c9e1ca42c7c22bcb) Importer(815301076,1909f56bfc062723c751e8b465ee728b)  -> (artifact id: '72ea88c05e84e1d1164ebe32f1fe397b') in 0.016650 seconds
Number of updated asset objects reloaded before import = 0
Number of asset objects unloaded after import = 12
========================================================================
Received Import Request.
  Time since last request: 0.000013 seconds.
  path: Assets/LowPolyEnviroPack_LITE_builtIn/BeachArea_Set1/Prefabs/Coconut_Halved.prefab
  artifactKey: Guid(52e0a5f8dc9826b4b826cd6b6cafb119) Importer(815301076,1909f56bfc062723c751e8b465ee728b)
Start importing Assets/LowPolyEnviroPack_LITE_builtIn/BeachArea_Set1/Prefabs/Coconut_Halved.prefab using Guid(52e0a5f8dc9826b4b826cd6b6cafb119) Importer(815301076,1909f56bfc062723c751e8b465ee728b)  -> (artifact id: '192ea5b09785d42e92405ac8f01a8ac7') in 0.015961 seconds
Number of updated asset objects reloaded before import = 0
Number of asset objects unloaded after import = 12
========================================================================
Received Import Request.
  Time since last request: 0.000016 seconds.
  path: Assets/LowPolyEnviroPack_LITE_builtIn/BeachArea_Set1/Prefabs/Fence_Bit_E.prefab
  artifactKey: Guid(e140b7d66a8ebea45ac1d94daa597614) Importer(815301076,1909f56bfc062723c751e8b465ee728b)
Start importing Assets/LowPolyEnviroPack_LITE_builtIn/BeachArea_Set1/Prefabs/Fence_Bit_E.prefab using Guid(e140b7d66a8ebea45ac1d94daa597614) Importer(815301076,1909f56bfc062723c751e8b465ee728b)  -> (artifact id: '6f50da3acd5eef4ab34a2e2bcf37f837') in 0.016756 seconds
Number of updated asset objects reloaded before import = 0
Number of asset objects unloaded after import = 12
========================================================================
Received Import Request.
  Time since last request: 0.000021 seconds.
  path: Assets/LowPolyEnviroPack_LITE_builtIn/BeachArea_Set1/Prefabs/Bush_Grassy_A.prefab
  artifactKey: Guid(349ae6d8a7e63294cbd8335c4df51ff8) Importer(815301076,1909f56bfc062723c751e8b465ee728b)
Start importing Assets/LowPolyEnviroPack_LITE_builtIn/BeachArea_Set1/Prefabs/Bush_Grassy_A.prefab using Guid(349ae6d8a7e63294cbd8335c4df51ff8) Importer(815301076,1909f56bfc062723c751e8b465ee728b)  -> (artifact id: '5d26cdc33421ef154eec1101ebe5df98') in 0.020529 seconds
Number of updated asset objects reloaded before import = 0
Number of asset objects unloaded after import = 11
========================================================================
Received Import Request.
  Time since last request: 0.000019 seconds.
  path: Assets/LowPolyEnviroPack_LITE_builtIn/BeachArea_Set1/Prefabs/Coin_Tarnished.prefab
  artifactKey: Guid(05f57865ca4a9e04b865f39d26518e9e) Importer(815301076,1909f56bfc062723c751e8b465ee728b)
Start importing Assets/LowPolyEnviroPack_LITE_builtIn/BeachArea_Set1/Prefabs/Coin_Tarnished.prefab using Guid(05f57865ca4a9e04b865f39d26518e9e) Importer(815301076,1909f56bfc062723c751e8b465ee728b)  -> (artifact id: 'f5de47a595c7fc930471454a905ac8d3') in 0.019478 seconds
Number of updated asset objects reloaded before import = 0
Number of asset objects unloaded after import = 12
========================================================================
Received Import Request.
  Time since last request: 0.000019 seconds.
  path: Assets/LowPolyEnviroPack_LITE_builtIn/BeachArea_Set1/Prefabs/Fence_Post_C.prefab
  artifactKey: Guid(ad15c0947f98d214d992faf58ada0ac6) Importer(815301076,1909f56bfc062723c751e8b465ee728b)
Start importing Assets/LowPolyEnviroPack_LITE_builtIn/BeachArea_Set1/Prefabs/Fence_Post_C.prefab using Guid(ad15c0947f98d214d992faf58ada0ac6) Importer(815301076,1909f56bfc062723c751e8b465ee728b)  -> (artifact id: '9afec82ec8debd38e66b7ddcc7cb3b64') in 0.019315 seconds
Number of updated asset objects reloaded before import = 0
Number of asset objects unloaded after import = 12
========================================================================
Received Import Request.
  Time since last request: 0.000030 seconds.
  path: Assets/LowPolyEnviroPack_LITE_builtIn/BeachArea_Set1/Prefabs/Cauldron.prefab
  artifactKey: Guid(c0e1ff126c7d0fb489d11ac1039ae807) Importer(815301076,1909f56bfc062723c751e8b465ee728b)
Start importing Assets/LowPolyEnviroPack_LITE_builtIn/BeachArea_Set1/Prefabs/Cauldron.prefab using Guid(c0e1ff126c7d0fb489d11ac1039ae807) Importer(815301076,1909f56bfc062723c751e8b465ee728b)  -> (artifact id: '157caa2f52d542e2a448462673e94466') in 0.021305 seconds
Number of updated asset objects reloaded before import = 0
Number of asset objects unloaded after import = 12
========================================================================
Received Import Request.
  Time since last request: 0.000017 seconds.
  path: Assets/LowPolyEnviroPack_LITE_builtIn/BeachArea_Set1/Prefabs/Cauldron 1.prefab
  artifactKey: Guid(12be1cfbe0b0f624ab9ff654f406729a) Importer(815301076,1909f56bfc062723c751e8b465ee728b)
Start importing Assets/LowPolyEnviroPack_LITE_builtIn/BeachArea_Set1/Prefabs/Cauldron 1.prefab using Guid(12be1cfbe0b0f624ab9ff654f406729a) Importer(815301076,1909f56bfc062723c751e8b465ee728b)  -> (artifact id: '5e812381c755c71f644e29d6e962517e') in 0.018274 seconds
Number of updated asset objects reloaded before import = 0
Number of asset objects unloaded after import = 12
========================================================================
Received Import Request.
  Time since last request: 0.000015 seconds.
  path: Assets/LowPolyEnviroPack_LITE_builtIn/BeachArea_Set1/Prefabs/Gem_Blue.prefab
  artifactKey: Guid(ab24ab6a88a3fe744911638f40920a92) Importer(815301076,1909f56bfc062723c751e8b465ee728b)
Start importing Assets/LowPolyEnviroPack_LITE_builtIn/BeachArea_Set1/Prefabs/Gem_Blue.prefab using Guid(ab24ab6a88a3fe744911638f40920a92) Importer(815301076,1909f56bfc062723c751e8b465ee728b)  -> (artifact id: '8ae418a3d7c328b8f751c3159c13100f') in 0.021221 seconds
Number of updated asset objects reloaded before import = 0
Number of asset objects unloaded after import = 12
========================================================================
Received Import Request.
  Time since last request: 0.000017 seconds.
  path: Assets/LowPolyEnviroPack_LITE_builtIn/BeachArea_Set1/Prefabs/Fence_Post_B.prefab
  artifactKey: Guid(f642831a0d527144781b1053bd00ae99) Importer(815301076,1909f56bfc062723c751e8b465ee728b)
Start importing Assets/LowPolyEnviroPack_LITE_builtIn/BeachArea_Set1/Prefabs/Fence_Post_B.prefab using Guid(f642831a0d527144781b1053bd00ae99) Importer(815301076,1909f56bfc062723c751e8b465ee728b)  -> (artifact id: 'fd42047bd6175c44f19eb27b8e35f18b') in 0.019069 seconds
Number of updated asset objects reloaded before import = 0
Number of asset objects unloaded after import = 12
========================================================================
Received Import Request.
  Time since last request: 2.185710 seconds.
  path: Assets/LowPolyEnviroPack_LITE_builtIn/BeachArea_Set1/Prefabs/Gem_DeepBlue.prefab
  artifactKey: Guid(b927c76b9e33d33499ee2272b82720e7) Importer(815301076,1909f56bfc062723c751e8b465ee728b)
Start importing Assets/LowPolyEnviroPack_LITE_builtIn/BeachArea_Set1/Prefabs/Gem_DeepBlue.prefab using Guid(b927c76b9e33d33499ee2272b82720e7) Importer(815301076,1909f56bfc062723c751e8b465ee728b)  -> (artifact id: 'b883b73f689289e134107704788e91b8') in 0.016092 seconds
Number of updated asset objects reloaded before import = 0
Number of asset objects unloaded after import = 12
========================================================================
Received Import Request.
  Time since last request: 0.000019 seconds.
  path: Assets/LowPolyEnviroPack_LITE_builtIn/BeachArea_Set1/Prefabs/Gem_RubyRed.prefab
  artifactKey: Guid(60a485b6c8da55444ad5564f3c235c07) Importer(815301076,1909f56bfc062723c751e8b465ee728b)
Start importing Assets/LowPolyEnviroPack_LITE_builtIn/BeachArea_Set1/Prefabs/Gem_RubyRed.prefab using Guid(60a485b6c8da55444ad5564f3c235c07) Importer(815301076,1909f56bfc062723c751e8b465ee728b)  -> (artifact id: '284504a2e9129e7a9b2b928388f39d66') in 0.017170 seconds
Number of updated asset objects reloaded before import = 0
Number of asset objects unloaded after import = 12
========================================================================
Received Import Request.
  Time since last request: 0.000015 seconds.
  path: Assets/LowPolyEnviroPack_LITE_builtIn/BeachArea_Set1/Prefabs/Gem_Magenta.prefab
  artifactKey: Guid(dd8009d9cf229ef4d826af2e89eb8b7b) Importer(815301076,1909f56bfc062723c751e8b465ee728b)
Start importing Assets/LowPolyEnviroPack_LITE_builtIn/BeachArea_Set1/Prefabs/Gem_Magenta.prefab using Guid(dd8009d9cf229ef4d826af2e89eb8b7b) Importer(815301076,1909f56bfc062723c751e8b465ee728b)  -> (artifact id: '075f2067557e1c21e58d6e1f2f564c0c') in 0.015807 seconds
Number of updated asset objects reloaded before import = 0
Number of asset objects unloaded after import = 12
========================================================================
Received Import Request.
  Time since last request: 0.227980 seconds.
  path: Assets/LowPolyEnviroPack_LITE_builtIn/BeachArea_Set1/Prefabs/Grass_Card_A.prefab
  artifactKey: Guid(7dd78763848e7c044b4cd04af832e833) Importer(815301076,1909f56bfc062723c751e8b465ee728b)
Start importing Assets/LowPolyEnviroPack_LITE_builtIn/BeachArea_Set1/Prefabs/Grass_Card_A.prefab using Guid(7dd78763848e7c044b4cd04af832e833) Importer(815301076,1909f56bfc062723c751e8b465ee728b)  -> (artifact id: '1307e00d8dfbceb43404c4c9829c06a5') in 0.016745 seconds
Number of updated asset objects reloaded before import = 0
Number of asset objects unloaded after import = 11
========================================================================
Received Import Request.
  Time since last request: 0.000016 seconds.
  path: Assets/LowPolyEnviroPack_LITE_builtIn/BeachArea_Set1/Prefabs/Grass_Card_C.prefab
  artifactKey: Guid(17e0e5a2bcd548e4aa7bc11dd7b959d1) Importer(815301076,1909f56bfc062723c751e8b465ee728b)
Start importing Assets/LowPolyEnviroPack_LITE_builtIn/BeachArea_Set1/Prefabs/Grass_Card_C.prefab using Guid(17e0e5a2bcd548e4aa7bc11dd7b959d1) Importer(815301076,1909f56bfc062723c751e8b465ee728b)  -> (artifact id: '5f8b4b9e4c03ee2eb8a18ed55c9a9791') in 0.017347 seconds
Number of updated asset objects reloaded before import = 0
Number of asset objects unloaded after import = 11
========================================================================
Received Import Request.
  Time since last request: 0.002616 seconds.
  path: Assets/LowPolyEnviroPack_LITE_builtIn/BeachArea_Set1/Prefabs/LandMass_A.prefab
  artifactKey: Guid(b753b84b310350445b6f3a72a93c0cb0) Importer(815301076,1909f56bfc062723c751e8b465ee728b)
Start importing Assets/LowPolyEnviroPack_LITE_builtIn/BeachArea_Set1/Prefabs/LandMass_A.prefab using Guid(b753b84b310350445b6f3a72a93c0cb0) Importer(815301076,1909f56bfc062723c751e8b465ee728b)  -> (artifact id: '47fdf4ea9eec4b07614883764c83f1f3') in 0.015595 seconds
Number of updated asset objects reloaded before import = 0
Number of asset objects unloaded after import = 12
========================================================================
Received Import Request.
  Time since last request: 0.000020 seconds.
  path: Assets/LowPolyEnviroPack_LITE_builtIn/BeachArea_Set1/Prefabs/LandMass_C.prefab
  artifactKey: Guid(adce94c1388c2f141bef03c263d62473) Importer(815301076,1909f56bfc062723c751e8b465ee728b)
Start importing Assets/LowPolyEnviroPack_LITE_builtIn/BeachArea_Set1/Prefabs/LandMass_C.prefab using Guid(adce94c1388c2f141bef03c263d62473) Importer(815301076,1909f56bfc062723c751e8b465ee728b)  -> (artifact id: '8de5a67c88c7e189d10a2300bf77d93c') in 0.014731 seconds
Number of updated asset objects reloaded before import = 0
Number of asset objects unloaded after import = 12
========================================================================
Received Import Request.
  Time since last request: 0.000018 seconds.
  path: Assets/LowPolyEnviroPack_LITE_builtIn/BeachArea_Set1/Prefabs/LandMass_D.prefab
  artifactKey: Guid(2c888c039c001f34e95b516be150e457) Importer(815301076,1909f56bfc062723c751e8b465ee728b)
Start importing Assets/LowPolyEnviroPack_LITE_builtIn/BeachArea_Set1/Prefabs/LandMass_D.prefab using Guid(2c888c039c001f34e95b516be150e457) Importer(815301076,1909f56bfc062723c751e8b465ee728b)  -> (artifact id: '98e2b1fb1b4ebaf3d08db1b58c161c65') in 0.016866 seconds
Number of updated asset objects reloaded before import = 0
Number of asset objects unloaded after import = 12
========================================================================
Received Import Request.
  Time since last request: 0.000018 seconds.
  path: Assets/LowPolyEnviroPack_LITE_builtIn/BeachArea_Set1/Prefabs/Mountain_A.prefab
  artifactKey: Guid(258b2869cccfa32408476598f131a104) Importer(815301076,1909f56bfc062723c751e8b465ee728b)
Start importing Assets/LowPolyEnviroPack_LITE_builtIn/BeachArea_Set1/Prefabs/Mountain_A.prefab using Guid(258b2869cccfa32408476598f131a104) Importer(815301076,1909f56bfc062723c751e8b465ee728b)  -> (artifact id: '5706c3c492468a515d9ab40690a779f9') in 0.017891 seconds
Number of updated asset objects reloaded before import = 0
Number of asset objects unloaded after import = 12
========================================================================
Received Import Request.
  Time since last request: 0.000015 seconds.
  path: Assets/LowPolyEnviroPack_LITE_builtIn/BeachArea_Set1/Prefabs/Leaf_Ivy_A.prefab
  artifactKey: Guid(7411ad6728e724641af12a727db7c713) Importer(815301076,1909f56bfc062723c751e8b465ee728b)
Start importing Assets/LowPolyEnviroPack_LITE_builtIn/BeachArea_Set1/Prefabs/Leaf_Ivy_A.prefab using Guid(7411ad6728e724641af12a727db7c713) Importer(815301076,1909f56bfc062723c751e8b465ee728b)  -> (artifact id: 'ca60ad0bbf72099f64848d17a8edeb60') in 0.018661 seconds
Number of updated asset objects reloaded before import = 0
Number of asset objects unloaded after import = 11
========================================================================
Received Import Request.
  Time since last request: 0.000022 seconds.
  path: Assets/LowPolyEnviroPack_LITE_builtIn/BeachArea_Set1/Prefabs/Palm_Tree_B.prefab
  artifactKey: Guid(b07f8384b5f7a4647bc66057056b2976) Importer(815301076,1909f56bfc062723c751e8b465ee728b)
Start importing Assets/LowPolyEnviroPack_LITE_builtIn/BeachArea_Set1/Prefabs/Palm_Tree_B.prefab using Guid(b07f8384b5f7a4647bc66057056b2976) Importer(815301076,1909f56bfc062723c751e8b465ee728b)  -> (artifact id: '503abd54d8c7136b8d3051796b7a68fd') in 0.019260 seconds
Number of updated asset objects reloaded before import = 0
Number of asset objects unloaded after import = 12
========================================================================
Received Import Request.
  Time since last request: 0.000016 seconds.
  path: Assets/LowPolyEnviroPack_LITE_builtIn/BeachArea_Set1/Prefabs/Mountain_B.prefab
  artifactKey: Guid(61b37e00b42fbdb43be04bdc84e65bc2) Importer(815301076,1909f56bfc062723c751e8b465ee728b)
Start importing Assets/LowPolyEnviroPack_LITE_builtIn/BeachArea_Set1/Prefabs/Mountain_B.prefab using Guid(61b37e00b42fbdb43be04bdc84e65bc2) Importer(815301076,1909f56bfc062723c751e8b465ee728b)  -> (artifact id: '44837c1f03129e2305562ef0db7044a8') in 0.018123 seconds
Number of updated asset objects reloaded before import = 0
Number of asset objects unloaded after import = 12
========================================================================
Received Import Request.
  Time since last request: 0.000015 seconds.
  path: Assets/LowPolyEnviroPack_LITE_builtIn/BeachArea_Set1/Prefabs/LandMass_GrassyFade_C.prefab
  artifactKey: Guid(73fb5508cc883aa46bbc3d4a4fb5e18f) Importer(815301076,1909f56bfc062723c751e8b465ee728b)
Start importing Assets/LowPolyEnviroPack_LITE_builtIn/BeachArea_Set1/Prefabs/LandMass_GrassyFade_C.prefab using Guid(73fb5508cc883aa46bbc3d4a4fb5e18f) Importer(815301076,1909f56bfc062723c751e8b465ee728b)  -> (artifact id: '7a3bfd9b09775b6961abf9b0918e0180') in 0.019849 seconds
Number of updated asset objects reloaded before import = 0
Number of asset objects unloaded after import = 12
========================================================================
Received Import Request.
  Time since last request: 0.000016 seconds.
  path: Assets/LowPolyEnviroPack_LITE_builtIn/BeachArea_Set1/Prefabs/LandMass_B.prefab
  artifactKey: Guid(6e6047bea77ec0b41901a0943c12d941) Importer(815301076,1909f56bfc062723c751e8b465ee728b)
Start importing Assets/LowPolyEnviroPack_LITE_builtIn/BeachArea_Set1/Prefabs/LandMass_B.prefab using Guid(6e6047bea77ec0b41901a0943c12d941) Importer(815301076,1909f56bfc062723c751e8b465ee728b)  -> (artifact id: '0ebb59b97888b56e43503a68be34decd') in 0.018294 seconds
Number of updated asset objects reloaded before import = 0
Number of asset objects unloaded after import = 12
========================================================================
Received Import Request.
  Time since last request: 0.395463 seconds.
  path: Assets/LowPolyEnviroPack_LITE_builtIn/BeachArea_Set1/Prefabs/Park_Bench_Corner_In.prefab
  artifactKey: Guid(4fefa74b26589c64a8b63d125929de66) Importer(815301076,1909f56bfc062723c751e8b465ee728b)
Start importing Assets/LowPolyEnviroPack_LITE_builtIn/BeachArea_Set1/Prefabs/Park_Bench_Corner_In.prefab using Guid(4fefa74b26589c64a8b63d125929de66) Importer(815301076,1909f56bfc062723c751e8b465ee728b)  -> (artifact id: '291a8f5806b60a3e26ab9722bb28b535') in 0.017971 seconds
Number of updated asset objects reloaded before import = 0
Number of asset objects unloaded after import = 12
========================================================================
Received Import Request.
  Time since last request: 0.000020 seconds.
  path: Assets/LowPolyEnviroPack_LITE_builtIn/BeachArea_Set1/Prefabs/Park_Trough.prefab
  artifactKey: Guid(af0c9ec361204174b888bddaac706dbb) Importer(815301076,1909f56bfc062723c751e8b465ee728b)
Start importing Assets/LowPolyEnviroPack_LITE_builtIn/BeachArea_Set1/Prefabs/Park_Trough.prefab using Guid(af0c9ec361204174b888bddaac706dbb) Importer(815301076,1909f56bfc062723c751e8b465ee728b)  -> (artifact id: '069c4e4587772c313b2ca20c15cfe44b') in 0.017834 seconds
Number of updated asset objects reloaded before import = 0
Number of asset objects unloaded after import = 12
========================================================================
Received Import Request.
  Time since last request: 0.000018 seconds.
  path: Assets/LowPolyEnviroPack_LITE_builtIn/BeachArea_Set1/Prefabs/Picnic_Bench.prefab
  artifactKey: Guid(b4e3142fe2b83384c990c424786e7d14) Importer(815301076,1909f56bfc062723c751e8b465ee728b)
Start importing Assets/LowPolyEnviroPack_LITE_builtIn/BeachArea_Set1/Prefabs/Picnic_Bench.prefab using Guid(b4e3142fe2b83384c990c424786e7d14) Importer(815301076,1909f56bfc062723c751e8b465ee728b)  -> (artifact id: '0cc91c8b1e1dfd52403e056e2e83e494') in 0.017226 seconds
Number of updated asset objects reloaded before import = 0
Number of asset objects unloaded after import = 12
========================================================================
Received Import Request.
  Time since last request: 0.000021 seconds.
  path: Assets/LowPolyEnviroPack_LITE_builtIn/BeachArea_Set1/Prefabs/Rock_Cave_Entry_B.prefab
  artifactKey: Guid(1c500ba592ff6da499b984c6f47d6db2) Importer(815301076,1909f56bfc062723c751e8b465ee728b)
Start importing Assets/LowPolyEnviroPack_LITE_builtIn/BeachArea_Set1/Prefabs/Rock_Cave_Entry_B.prefab using Guid(1c500ba592ff6da499b984c6f47d6db2) Importer(815301076,1909f56bfc062723c751e8b465ee728b)  -> (artifact id: 'a58400968c368e7fe6ee5fcb4659db37') in 0.017378 seconds
Number of updated asset objects reloaded before import = 0
Number of asset objects unloaded after import = 12
========================================================================
Received Import Request.
  Time since last request: 0.000016 seconds.
  path: Assets/LowPolyEnviroPack_LITE_builtIn/BeachArea_Set1/Prefabs/Rock_Medium_D.prefab
  artifactKey: Guid(cc59f3faa1927724295afa34257926f9) Importer(815301076,1909f56bfc062723c751e8b465ee728b)
Start importing Assets/LowPolyEnviroPack_LITE_builtIn/BeachArea_Set1/Prefabs/Rock_Medium_D.prefab using Guid(cc59f3faa1927724295afa34257926f9) Importer(815301076,1909f56bfc062723c751e8b465ee728b)  -> (artifact id: 'a4e41e1c1a00eee3598ce85654389176') in 0.015800 seconds
Number of updated asset objects reloaded before import = 0
Number of asset objects unloaded after import = 12
========================================================================
Received Import Request.
  Time since last request: 0.000016 seconds.
  path: Assets/LowPolyEnviroPack_LITE_builtIn/BeachArea_Set1/Prefabs/Rock_Platform_Medium_GrassVariant.prefab
  artifactKey: Guid(098ae599500a3944392e1db2264b4f85) Importer(815301076,1909f56bfc062723c751e8b465ee728b)
Start importing Assets/LowPolyEnviroPack_LITE_builtIn/BeachArea_Set1/Prefabs/Rock_Platform_Medium_GrassVariant.prefab using Guid(098ae599500a3944392e1db2264b4f85) Importer(815301076,1909f56bfc062723c751e8b465ee728b)  -> (artifact id: 'a85ea50223cdf2c3f8337fd9523b80e1') in 0.018913 seconds
Number of updated asset objects reloaded before import = 0
Number of asset objects unloaded after import = 12
========================================================================
Received Import Request.
  Time since last request: 0.000019 seconds.
  path: Assets/LowPolyEnviroPack_LITE_builtIn/BeachArea_Set1/Prefabs/Rock_Platform_Small.prefab
  artifactKey: Guid(71d23bf57c3e27c49b2b037909fd4954) Importer(815301076,1909f56bfc062723c751e8b465ee728b)
Start importing Assets/LowPolyEnviroPack_LITE_builtIn/BeachArea_Set1/Prefabs/Rock_Platform_Small.prefab using Guid(71d23bf57c3e27c49b2b037909fd4954) Importer(815301076,1909f56bfc062723c751e8b465ee728b)  -> (artifact id: 'b7c179b946167c3ec0be264addd35076') in 0.019643 seconds
Number of updated asset objects reloaded before import = 0
Number of asset objects unloaded after import = 13
========================================================================
Received Import Request.
  Time since last request: 0.000029 seconds.
  path: Assets/LowPolyEnviroPack_LITE_builtIn/BeachArea_Set1/Prefabs/Rock_Medium_C.prefab
  artifactKey: Guid(0343ecdc741cd7a4f87563f3cb10b96e) Importer(815301076,1909f56bfc062723c751e8b465ee728b)
Start importing Assets/LowPolyEnviroPack_LITE_builtIn/BeachArea_Set1/Prefabs/Rock_Medium_C.prefab using Guid(0343ecdc741cd7a4f87563f3cb10b96e) Importer(815301076,1909f56bfc062723c751e8b465ee728b)  -> (artifact id: '098264774065e3b8a82d4148053db127') in 0.018909 seconds
Number of updated asset objects reloaded before import = 0
Number of asset objects unloaded after import = 13
========================================================================
Received Import Request.
  Time since last request: 0.096740 seconds.
  path: Assets/LowPolyEnviroPack_LITE_builtIn/BeachArea_Set1/Prefabs/Rock_Small_C.prefab
  artifactKey: Guid(73ea625b84bc5794fbdc765d4f9b248d) Importer(815301076,1909f56bfc062723c751e8b465ee728b)
Start importing Assets/LowPolyEnviroPack_LITE_builtIn/BeachArea_Set1/Prefabs/Rock_Small_C.prefab using Guid(73ea625b84bc5794fbdc765d4f9b248d) Importer(815301076,1909f56bfc062723c751e8b465ee728b)  -> (artifact id: '708987c791fb1f23d71970a843393645') in 0.014905 seconds
Number of updated asset objects reloaded before import = 0
Number of asset objects unloaded after import = 12
========================================================================
Received Import Request.
  Time since last request: 0.000016 seconds.
  path: Assets/LowPolyEnviroPack_LITE_builtIn/BeachArea_Set1/Prefabs/Sand_Plane_Flat_A.prefab
  artifactKey: Guid(4d61159bb4b605141a93dde33f259e95) Importer(815301076,1909f56bfc062723c751e8b465ee728b)
Start importing Assets/LowPolyEnviroPack_LITE_builtIn/BeachArea_Set1/Prefabs/Sand_Plane_Flat_A.prefab using Guid(4d61159bb4b605141a93dde33f259e95) Importer(815301076,1909f56bfc062723c751e8b465ee728b)  -> (artifact id: '5628aef9aa4161e5f8030f8c7ce51e44') in 0.015246 seconds
Number of updated asset objects reloaded before import = 0
Number of asset objects unloaded after import = 12
========================================================================
Received Import Request.
  Time since last request: 0.000019 seconds.
  path: Assets/LowPolyEnviroPack_LITE_builtIn/BeachArea_Set1/Prefabs/Sand_Plane_Medium_A.prefab
  artifactKey: Guid(8a60797ad2c984c4a857602e0cc49941) Importer(815301076,1909f56bfc062723c751e8b465ee728b)
Start importing Assets/LowPolyEnviroPack_LITE_builtIn/BeachArea_Set1/Prefabs/Sand_Plane_Medium_A.prefab using Guid(8a60797ad2c984c4a857602e0cc49941) Importer(815301076,1909f56bfc062723c751e8b465ee728b)  -> (artifact id: '3448d2a9434cda2884f904cd8dc899e0') in 0.016701 seconds
Number of updated asset objects reloaded before import = 0
Number of asset objects unloaded after import = 12
========================================================================
Received Import Request.
  Time since last request: 0.000019 seconds.
  path: Assets/LowPolyEnviroPack_LITE_builtIn/BeachArea_Set1/Prefabs/Sand_To_Grass_L-Corner.prefab
  artifactKey: Guid(9607d06dda13bc145ac26ad819e50c60) Importer(815301076,1909f56bfc062723c751e8b465ee728b)
Start importing Assets/LowPolyEnviroPack_LITE_builtIn/BeachArea_Set1/Prefabs/Sand_To_Grass_L-Corner.prefab using Guid(9607d06dda13bc145ac26ad819e50c60) Importer(815301076,1909f56bfc062723c751e8b465ee728b)  -> (artifact id: '27bba3ec5c73b4529c9006d71fd85d20') in 0.018833 seconds
Number of updated asset objects reloaded before import = 0
Number of asset objects unloaded after import = 12
========================================================================
Received Import Request.
  Time since last request: 0.000016 seconds.
  path: Assets/LowPolyEnviroPack_LITE_builtIn/BeachArea_Set1/Prefabs/Sand_To_Grass_Corner.prefab
  artifactKey: Guid(ce423f5a7ca0cfa4f80221b65b8abd1d) Importer(815301076,1909f56bfc062723c751e8b465ee728b)
Start importing Assets/LowPolyEnviroPack_LITE_builtIn/BeachArea_Set1/Prefabs/Sand_To_Grass_Corner.prefab using Guid(ce423f5a7ca0cfa4f80221b65b8abd1d) Importer(815301076,1909f56bfc062723c751e8b465ee728b)  -> (artifact id: '9b4dae0d84c25769416a8e1ffdd55e95') in 0.017609 seconds
Number of updated asset objects reloaded before import = 0
Number of asset objects unloaded after import = 12
========================================================================
Received Import Request.
  Time since last request: 0.000014 seconds.
  path: Assets/LowPolyEnviroPack_LITE_builtIn/BeachArea_Set1/Prefabs/Stick_B.prefab
  artifactKey: Guid(bc68b123155a4e74fa6215b60dae1c11) Importer(815301076,1909f56bfc062723c751e8b465ee728b)
Start importing Assets/LowPolyEnviroPack_LITE_builtIn/BeachArea_Set1/Prefabs/Stick_B.prefab using Guid(bc68b123155a4e74fa6215b60dae1c11) Importer(815301076,1909f56bfc062723c751e8b465ee728b)  -> (artifact id: '14d27a181bf04e9a1608ea8ef70dad84') in 0.022238 seconds
Number of updated asset objects reloaded before import = 0
Number of asset objects unloaded after import = 12
========================================================================
Received Import Request.
  Time since last request: 0.000018 seconds.
  path: Assets/LowPolyEnviroPack_LITE_builtIn/BeachArea_Set1/Prefabs/Skull.prefab
  artifactKey: Guid(4c88c007ef6c3b94ebaf72653ec775a6) Importer(815301076,1909f56bfc062723c751e8b465ee728b)
Start importing Assets/LowPolyEnviroPack_LITE_builtIn/BeachArea_Set1/Prefabs/Skull.prefab using Guid(4c88c007ef6c3b94ebaf72653ec775a6) Importer(815301076,1909f56bfc062723c751e8b465ee728b)  -> (artifact id: '70756516fdfe6a9b439e8d6362d7bc25') in 0.020525 seconds
Number of updated asset objects reloaded before import = 0
Number of asset objects unloaded after import = 13
========================================================================
Received Import Request.
  Time since last request: 2.229452 seconds.
  path: Assets/LowPolyEnviroPack_LITE_builtIn/BeachArea_Set1/Prefabs/Stone_Squarish_B.prefab
  artifactKey: Guid(00c1e36206eeded42aa8f564e1e3e6b8) Importer(815301076,1909f56bfc062723c751e8b465ee728b)
Start importing Assets/LowPolyEnviroPack_LITE_builtIn/BeachArea_Set1/Prefabs/Stone_Squarish_B.prefab using Guid(00c1e36206eeded42aa8f564e1e3e6b8) Importer(815301076,1909f56bfc062723c751e8b465ee728b)  -> (artifact id: '23de0c69f6a9823685379849837a0412') in 0.016549 seconds
Number of updated asset objects reloaded before import = 0
Number of asset objects unloaded after import = 12
========================================================================
Received Import Request.
  Time since last request: 0.000020 seconds.
  path: Assets/LowPolyEnviroPack_LITE_builtIn/BeachArea_Set1/Prefabs/Water_Plane_Medium_Pool.prefab
  artifactKey: Guid(fc8be58d273873848b5c2d9bd692ab01) Importer(815301076,1909f56bfc062723c751e8b465ee728b)
Start importing Assets/LowPolyEnviroPack_LITE_builtIn/BeachArea_Set1/Prefabs/Water_Plane_Medium_Pool.prefab using Guid(fc8be58d273873848b5c2d9bd692ab01) Importer(815301076,1909f56bfc062723c751e8b465ee728b)  -> (artifact id: '01282066655685a1b36f7651ef908224') in 0.014310 seconds
Number of updated asset objects reloaded before import = 0
Number of asset objects unloaded after import = 11
========================================================================
Received Import Request.
  Time since last request: 0.000027 seconds.
  path: Assets/LowPolyEnviroPack_LITE_builtIn/BeachArea_Set1/Prefabs/Wood_Plank_E.prefab
  artifactKey: Guid(2ae30fa6a3e945745a3a4b03a5af6b26) Importer(815301076,1909f56bfc062723c751e8b465ee728b)
Start importing Assets/LowPolyEnviroPack_LITE_builtIn/BeachArea_Set1/Prefabs/Wood_Plank_E.prefab using Guid(2ae30fa6a3e945745a3a4b03a5af6b26) Importer(815301076,1909f56bfc062723c751e8b465ee728b)  -> (artifact id: 'f51a9ff68c89c220da009718cfee0814') in 0.016701 seconds
Number of updated asset objects reloaded before import = 0
Number of asset objects unloaded after import = 12
========================================================================
Received Import Request.
  Time since last request: 0.000017 seconds.
  path: Assets/LowPolyEnviroPack_LITE_builtIn/BeachArea_Set1/Prefabs/Wood_Plank_C.prefab
  artifactKey: Guid(457c42211f7006b49b17e24de60d022c) Importer(815301076,1909f56bfc062723c751e8b465ee728b)
Start importing Assets/LowPolyEnviroPack_LITE_builtIn/BeachArea_Set1/Prefabs/Wood_Plank_C.prefab using Guid(457c42211f7006b49b17e24de60d022c) Importer(815301076,1909f56bfc062723c751e8b465ee728b)  -> (artifact id: '3c79de2d954b7e8178cf6986012dcd76') in 0.016756 seconds
Number of updated asset objects reloaded before import = 0
Number of asset objects unloaded after import = 12
========================================================================
Received Import Request.
  Time since last request: 45.224955 seconds.
  path: Assets/LowPolyEnviroPack_LITE_builtIn/BlocksAndTrees/Meshes/Block_Brick.fbx
  artifactKey: Guid(30c89953ee387334da183f6c76fd48d3) Importer(815301076,1909f56bfc062723c751e8b465ee728b)
Start importing Assets/LowPolyEnviroPack_LITE_builtIn/BlocksAndTrees/Meshes/Block_Brick.fbx using Guid(30c89953ee387334da183f6c76fd48d3) Importer(815301076,1909f56bfc062723c751e8b465ee728b)  -> (artifact id: '3753839288583f9dfd8d10a67cd8b3b1') in 0.028879 seconds
Number of updated asset objects reloaded before import = 0
Number of asset objects unloaded after import = 11
========================================================================
Received Import Request.
  Time since last request: 0.000019 seconds.
  path: Assets/LowPolyEnviroPack_LITE_builtIn/BlocksAndTrees/Meshes/RockCanyon3.fbx
  artifactKey: Guid(df9266504f76a614092372df5c6820ff) Importer(815301076,1909f56bfc062723c751e8b465ee728b)
Start importing Assets/LowPolyEnviroPack_LITE_builtIn/BlocksAndTrees/Meshes/RockCanyon3.fbx using Guid(df9266504f76a614092372df5c6820ff) Importer(815301076,1909f56bfc062723c751e8b465ee728b)  -> (artifact id: '90c8dd155abe705af40193e00721a7d0') in 0.019498 seconds
Number of updated asset objects reloaded before import = 0
Number of asset objects unloaded after import = 11
========================================================================
Received Import Request.
  Time since last request: 0.000030 seconds.
  path: Assets/LowPolyEnviroPack_LITE_builtIn/BlocksAndTrees/Meshes/Block_Cap_Mossy.fbx
  artifactKey: Guid(0e2646cd788d5b44fbd62337f908b995) Importer(815301076,1909f56bfc062723c751e8b465ee728b)
Start importing Assets/LowPolyEnviroPack_LITE_builtIn/BlocksAndTrees/Meshes/Block_Cap_Mossy.fbx using Guid(0e2646cd788d5b44fbd62337f908b995) Importer(815301076,1909f56bfc062723c751e8b465ee728b)  -> (artifact id: '0ec56c2ebb7379bd075d443166abffe2') in 0.020458 seconds
Number of updated asset objects reloaded before import = 0
Number of asset objects unloaded after import = 11
========================================================================
Received Import Request.
  Time since last request: 0.000018 seconds.
  path: Assets/LowPolyEnviroPack_LITE_builtIn/BlocksAndTrees/Meshes/Block_Rounded_Clay.fbx
  artifactKey: Guid(2c383f7356a42da4e9a9533dfb23d831) Importer(815301076,1909f56bfc062723c751e8b465ee728b)
Start importing Assets/LowPolyEnviroPack_LITE_builtIn/BlocksAndTrees/Meshes/Block_Rounded_Clay.fbx using Guid(2c383f7356a42da4e9a9533dfb23d831) Importer(815301076,1909f56bfc062723c751e8b465ee728b)  -> (artifact id: '17c64d2324cba3b1b9093a4a3068c942') in 0.017890 seconds
Number of updated asset objects reloaded before import = 0
Number of asset objects unloaded after import = 11
========================================================================
Received Import Request.
  Time since last request: 0.000014 seconds.
  path: Assets/LowPolyEnviroPack_LITE_builtIn/BlocksAndTrees/Prefabs/Block_Brick_Subway.prefab
  artifactKey: Guid(c9bb74e2d7dfeed4e929ea5543fa507f) Importer(815301076,1909f56bfc062723c751e8b465ee728b)
Start importing Assets/LowPolyEnviroPack_LITE_builtIn/BlocksAndTrees/Prefabs/Block_Brick_Subway.prefab using Guid(c9bb74e2d7dfeed4e929ea5543fa507f) Importer(815301076,1909f56bfc062723c751e8b465ee728b)  -> (artifact id: '38c6b00fb36392fa95af9cd0bde12b35') in 0.020014 seconds
Number of updated asset objects reloaded before import = 0
Number of asset objects unloaded after import = 10
========================================================================
Received Import Request.
  Time since last request: 0.000015 seconds.
  path: Assets/LowPolyEnviroPack_LITE_builtIn/BlocksAndTrees/Prefabs/Block_Cap_Mossy.prefab
  artifactKey: Guid(46fc72a04ae183a4f9cf13ea9d9471ee) Importer(815301076,1909f56bfc062723c751e8b465ee728b)
Start importing Assets/LowPolyEnviroPack_LITE_builtIn/BlocksAndTrees/Prefabs/Block_Cap_Mossy.prefab using Guid(46fc72a04ae183a4f9cf13ea9d9471ee) Importer(815301076,1909f56bfc062723c751e8b465ee728b)  -> (artifact id: 'f5d2d975e3f602ff791ad894cb265b2c') in 0.012407 seconds
Number of updated asset objects reloaded before import = 0
Number of asset objects unloaded after import = 10
========================================================================
Received Import Request.
  Time since last request: 0.000013 seconds.
  path: Assets/LowPolyEnviroPack_LITE_builtIn/BlocksAndTrees/Prefabs/Block_Rounded_Clay.prefab
  artifactKey: Guid(0de12f4ed9a1c8a4b95e34813264c4e8) Importer(815301076,1909f56bfc062723c751e8b465ee728b)
Start importing Assets/LowPolyEnviroPack_LITE_builtIn/BlocksAndTrees/Prefabs/Block_Rounded_Clay.prefab using Guid(0de12f4ed9a1c8a4b95e34813264c4e8) Importer(815301076,1909f56bfc062723c751e8b465ee728b)  -> (artifact id: '5b1a7b61c14b5b8ab47afa31bc59ccbe') in 0.011510 seconds
Number of updated asset objects reloaded before import = 0
Number of asset objects unloaded after import = 10
========================================================================
Received Import Request.
  Time since last request: 0.000014 seconds.
  path: Assets/LowPolyEnviroPack_LITE_builtIn/BlocksAndTrees/Meshes/PineTree_B.fbx
  artifactKey: Guid(b01458b9383df144b857ba20572817ed) Importer(815301076,1909f56bfc062723c751e8b465ee728b)
Start importing Assets/LowPolyEnviroPack_LITE_builtIn/BlocksAndTrees/Meshes/PineTree_B.fbx using Guid(b01458b9383df144b857ba20572817ed) Importer(815301076,1909f56bfc062723c751e8b465ee728b)  -> (artifact id: '40b65f67d063ba43fadb02aaa963bb39') in 0.016464 seconds
Number of updated asset objects reloaded before import = 0
Number of asset objects unloaded after import = 11
========================================================================
Received Import Request.
  Time since last request: 0.000014 seconds.
  path: Assets/LowPolyEnviroPack_LITE_builtIn/BlocksAndTrees/Prefabs/PineTree_B.prefab
  artifactKey: Guid(39ad8ee3259ad924dab72e9817434de0) Importer(815301076,1909f56bfc062723c751e8b465ee728b)
Start importing Assets/LowPolyEnviroPack_LITE_builtIn/BlocksAndTrees/Prefabs/PineTree_B.prefab using Guid(39ad8ee3259ad924dab72e9817434de0) Importer(815301076,1909f56bfc062723c751e8b465ee728b)  -> (artifact id: 'f2032786cb76310067d0b45bcd05a338') in 0.012024 seconds
Number of updated asset objects reloaded before import = 0
Number of asset objects unloaded after import = 10
========================================================================
Received Import Request.
  Time since last request: 0.000014 seconds.
  path: Assets/LowPolyEnviroPack_LITE_builtIn/BlocksAndTrees/Meshes/Block_LavaBase.fbx
  artifactKey: Guid(881f27bc558e64d4983e73ddeb0afcf9) Importer(815301076,1909f56bfc062723c751e8b465ee728b)
Start importing Assets/LowPolyEnviroPack_LITE_builtIn/BlocksAndTrees/Meshes/Block_LavaBase.fbx using Guid(881f27bc558e64d4983e73ddeb0afcf9) Importer(815301076,1909f56bfc062723c751e8b465ee728b)  -> (artifact id: 'f3a6e7be4af165394a625a66c7d9d7a5') in 0.013961 seconds
Number of updated asset objects reloaded before import = 0
Number of asset objects unloaded after import = 11
========================================================================
Received Import Request.
  Time since last request: 0.000023 seconds.
  path: Assets/LowPolyEnviroPack_LITE_builtIn/BlocksAndTrees/Meshes/Rock_CanyonLarge.fbx
  artifactKey: Guid(1a693c4cda72f474994f8fb22fd3d656) Importer(815301076,1909f56bfc062723c751e8b465ee728b)
Start importing Assets/LowPolyEnviroPack_LITE_builtIn/BlocksAndTrees/Meshes/Rock_CanyonLarge.fbx using Guid(1a693c4cda72f474994f8fb22fd3d656) Importer(815301076,1909f56bfc062723c751e8b465ee728b)  -> (artifact id: 'ae9536f844ff1c350b7ffc9e0d017c36') in 0.019542 seconds
Number of updated asset objects reloaded before import = 0
Number of asset objects unloaded after import = 11
========================================================================
Received Import Request.
  Time since last request: 0.000022 seconds.
  path: Assets/LowPolyEnviroPack_LITE_builtIn/BlocksAndTrees/Meshes/Block_Rounded_Soil.fbx
  artifactKey: Guid(1d2dcf3cca292da4aadcfafcaf287b99) Importer(815301076,1909f56bfc062723c751e8b465ee728b)
Start importing Assets/LowPolyEnviroPack_LITE_builtIn/BlocksAndTrees/Meshes/Block_Rounded_Soil.fbx using Guid(1d2dcf3cca292da4aadcfafcaf287b99) Importer(815301076,1909f56bfc062723c751e8b465ee728b)  -> (artifact id: '6ef20089e463edd2d0987cf6e1520556') in 0.016155 seconds
Number of updated asset objects reloaded before import = 0
Number of asset objects unloaded after import = 11
========================================================================
Received Import Request.
  Time since last request: 0.000024 seconds.
  path: Assets/LowPolyEnviroPack_LITE_builtIn/BlocksAndTrees/Meshes/PineTree_E.fbx
  artifactKey: Guid(76e961fc6d6f1f44894987917c74d102) Importer(815301076,1909f56bfc062723c751e8b465ee728b)
Start importing Assets/LowPolyEnviroPack_LITE_builtIn/BlocksAndTrees/Meshes/PineTree_E.fbx using Guid(76e961fc6d6f1f44894987917c74d102) Importer(815301076,1909f56bfc062723c751e8b465ee728b)  -> (artifact id: '370bb89326b4fd59ea712adb0ed808bb') in 0.020127 seconds
Number of updated asset objects reloaded before import = 0
Number of asset objects unloaded after import = 11
========================================================================
Received Import Request.
  Time since last request: 0.000015 seconds.
  path: Assets/LowPolyEnviroPack_LITE_builtIn/BlocksAndTrees/Meshes/Block_Concrete.fbx
  artifactKey: Guid(edcaa079410ef6445be20884c5aa7996) Importer(815301076,1909f56bfc062723c751e8b465ee728b)
Start importing Assets/LowPolyEnviroPack_LITE_builtIn/BlocksAndTrees/Meshes/Block_Concrete.fbx using Guid(edcaa079410ef6445be20884c5aa7996) Importer(815301076,1909f56bfc062723c751e8b465ee728b)  -> (artifact id: '9842416a6c34ef39c0a05400534d9e66') in 0.015464 seconds
Number of updated asset objects reloaded before import = 0
Number of asset objects unloaded after import = 11
========================================================================
Received Import Request.
  Time since last request: 0.000017 seconds.
  path: Assets/LowPolyEnviroPack_LITE_builtIn/BlocksAndTrees/Meshes/RockCanyon1.fbx
  artifactKey: Guid(8c3ae473ecef3764cae9367967d36851) Importer(815301076,1909f56bfc062723c751e8b465ee728b)
Start importing Assets/LowPolyEnviroPack_LITE_builtIn/BlocksAndTrees/Meshes/RockCanyon1.fbx using Guid(8c3ae473ecef3764cae9367967d36851) Importer(815301076,1909f56bfc062723c751e8b465ee728b)  -> (artifact id: '83e34045f4f1a569c7c462e160b9d5f2') in 0.018553 seconds
Number of updated asset objects reloaded before import = 0
Number of asset objects unloaded after import = 11
========================================================================
Received Import Request.
  Time since last request: 0.000015 seconds.
  path: Assets/LowPolyEnviroPack_LITE_builtIn/BlocksAndTrees/Prefabs/Block_Rounded_Sand.prefab
  artifactKey: Guid(f7f30da541eaabf47a564d05d7981f88) Importer(815301076,1909f56bfc062723c751e8b465ee728b)
Start importing Assets/LowPolyEnviroPack_LITE_builtIn/BlocksAndTrees/Prefabs/Block_Rounded_Sand.prefab using Guid(f7f30da541eaabf47a564d05d7981f88) Importer(815301076,1909f56bfc062723c751e8b465ee728b)  -> (artifact id: '860664facc4f7c65db199e2d69fab4bf') in 0.015489 seconds
Number of updated asset objects reloaded before import = 0
Number of asset objects unloaded after import = 10
========================================================================
Received Import Request.
  Time since last request: 0.000015 seconds.
  path: Assets/LowPolyEnviroPack_LITE_builtIn/BlocksAndTrees/Meshes/PineTree_D.fbx
  artifactKey: Guid(87f85eee23ebba2468c82e058ad382eb) Importer(815301076,1909f56bfc062723c751e8b465ee728b)
Start importing Assets/LowPolyEnviroPack_LITE_builtIn/BlocksAndTrees/Meshes/PineTree_D.fbx using Guid(87f85eee23ebba2468c82e058ad382eb) Importer(815301076,1909f56bfc062723c751e8b465ee728b)  -> (artifact id: '58029a3659a087cdaa29003d6f2efb4c') in 0.020490 seconds
Number of updated asset objects reloaded before import = 0
Number of asset objects unloaded after import = 11
========================================================================
Received Import Request.
  Time since last request: 0.000016 seconds.
  path: Assets/LowPolyEnviroPack_LITE_builtIn/BlocksAndTrees/Prefabs/Mushroom3.prefab
  artifactKey: Guid(6ff4623ce823f1c479700cc375d08f5d) Importer(815301076,1909f56bfc062723c751e8b465ee728b)
Start importing Assets/LowPolyEnviroPack_LITE_builtIn/BlocksAndTrees/Prefabs/Mushroom3.prefab using Guid(6ff4623ce823f1c479700cc375d08f5d) Importer(815301076,1909f56bfc062723c751e8b465ee728b)  -> (artifact id: '6759e6a0e45169ab5859454e2ebcbb44') in 0.017217 seconds
Number of updated asset objects reloaded before import = 0
Number of asset objects unloaded after import = 10
========================================================================
Received Import Request.
  Time since last request: 0.000019 seconds.
  path: Assets/LowPolyEnviroPack_LITE_builtIn/BlocksAndTrees/Prefabs/Block_LavaBase.prefab
  artifactKey: Guid(152063eefa107824f8856e126107cf7f) Importer(815301076,1909f56bfc062723c751e8b465ee728b)
Start importing Assets/LowPolyEnviroPack_LITE_builtIn/BlocksAndTrees/Prefabs/Block_LavaBase.prefab using Guid(152063eefa107824f8856e126107cf7f) Importer(815301076,1909f56bfc062723c751e8b465ee728b)  -> (artifact id: '85bc940a2a1575e220d455d8ff178031') in 0.014716 seconds
Number of updated asset objects reloaded before import = 0
Number of asset objects unloaded after import = 10
========================================================================
Received Import Request.
  Time since last request: 0.000019 seconds.
  path: Assets/LowPolyEnviroPack_LITE_builtIn/BlocksAndTrees/Meshes/Mushroom2.fbx
  artifactKey: Guid(fca5eebacfcd027439b1a55ccbec7c9e) Importer(815301076,1909f56bfc062723c751e8b465ee728b)
Start importing Assets/LowPolyEnviroPack_LITE_builtIn/BlocksAndTrees/Meshes/Mushroom2.fbx using Guid(fca5eebacfcd027439b1a55ccbec7c9e) Importer(815301076,1909f56bfc062723c751e8b465ee728b)  -> (artifact id: '0bd7a1557b27d344adc38f3a858f95ab') in 0.028818 seconds
Number of updated asset objects reloaded before import = 0
Number of asset objects unloaded after import = 11
========================================================================
Received Import Request.
  Time since last request: 0.000035 seconds.
  path: Assets/LowPolyEnviroPack_LITE_builtIn/BlocksAndTrees/Prefabs/Block_Rounded_Soil.prefab
  artifactKey: Guid(cb3313c5be6838f488ce1144ace15ce3) Importer(815301076,1909f56bfc062723c751e8b465ee728b)
Start importing Assets/LowPolyEnviroPack_LITE_builtIn/BlocksAndTrees/Prefabs/Block_Rounded_Soil.prefab using Guid(cb3313c5be6838f488ce1144ace15ce3) Importer(815301076,1909f56bfc062723c751e8b465ee728b)  -> (artifact id: 'f04e6d303dc6401229614a8bd69fa545') in 0.016550 seconds
Number of updated asset objects reloaded before import = 0
Number of asset objects unloaded after import = 10
========================================================================
Received Import Request.
  Time since last request: 0.000023 seconds.
  path: Assets/LowPolyEnviroPack_LITE_builtIn/BlocksAndTrees/Prefabs/Block_Cap_Concrete_Plain.prefab
  artifactKey: Guid(c4199ab7b397b114298f3918977797b6) Importer(815301076,1909f56bfc062723c751e8b465ee728b)
Start importing Assets/LowPolyEnviroPack_LITE_builtIn/BlocksAndTrees/Prefabs/Block_Cap_Concrete_Plain.prefab using Guid(c4199ab7b397b114298f3918977797b6) Importer(815301076,1909f56bfc062723c751e8b465ee728b)  -> (artifact id: '65761d8c527578d1b37407d5f49465e5') in 0.014333 seconds
Number of updated asset objects reloaded before import = 0
Number of asset objects unloaded after import = 10
========================================================================
Received Import Request.
  Time since last request: 0.000017 seconds.
  path: Assets/LowPolyEnviroPack_LITE_builtIn/BlocksAndTrees/Prefabs/Mushroom6.prefab
  artifactKey: Guid(c47f6226dfe39cc4da9451be0fbf606a) Importer(815301076,1909f56bfc062723c751e8b465ee728b)
Start importing Assets/LowPolyEnviroPack_LITE_builtIn/BlocksAndTrees/Prefabs/Mushroom6.prefab using Guid(c47f6226dfe39cc4da9451be0fbf606a) Importer(815301076,1909f56bfc062723c751e8b465ee728b)  -> (artifact id: '483af1ba54b5ac744c4c7b8920e5b789') in 0.015284 seconds
Number of updated asset objects reloaded before import = 0
Number of asset objects unloaded after import = 10
========================================================================
Received Import Request.
  Time since last request: 0.000022 seconds.
  path: Assets/LowPolyEnviroPack_LITE_builtIn/BlocksAndTrees/Prefabs/Block_Cap_ConcreteMossCornerIn.prefab
  artifactKey: Guid(cfa4886881fcde74c8a832dcb083b551) Importer(815301076,1909f56bfc062723c751e8b465ee728b)
Start importing Assets/LowPolyEnviroPack_LITE_builtIn/BlocksAndTrees/Prefabs/Block_Cap_ConcreteMossCornerIn.prefab using Guid(cfa4886881fcde74c8a832dcb083b551) Importer(815301076,1909f56bfc062723c751e8b465ee728b)  -> (artifact id: '3215a3fa95e340c80bc2db83e70fdd4d') in 0.016393 seconds
Number of updated asset objects reloaded before import = 0
Number of asset objects unloaded after import = 10
========================================================================
Received Import Request.
  Time since last request: 0.000024 seconds.
  path: Assets/LowPolyEnviroPack_LITE_builtIn/BlocksAndTrees/Meshes/Block_Rounded_Sand.fbx
  artifactKey: Guid(51a77d4d1fc40e54c8b9bf7b689bfc7b) Importer(815301076,1909f56bfc062723c751e8b465ee728b)
Start importing Assets/LowPolyEnviroPack_LITE_builtIn/BlocksAndTrees/Meshes/Block_Rounded_Sand.fbx using Guid(51a77d4d1fc40e54c8b9bf7b689bfc7b) Importer(815301076,1909f56bfc062723c751e8b465ee728b)  -> (artifact id: '68f64cc31441caff89a17706ef82e477') in 0.015398 seconds
Number of updated asset objects reloaded before import = 0
Number of asset objects unloaded after import = 11
========================================================================
Received Import Request.
  Time since last request: 1.229692 seconds.
  path: Assets/LowPolyEnviroPack_LITE_builtIn/BlocksAndTrees/Meshes/RockMoss1.fbx
  artifactKey: Guid(aed4c3981a84aad4d9f48335fef1a4af) Importer(815301076,1909f56bfc062723c751e8b465ee728b)
Start importing Assets/LowPolyEnviroPack_LITE_builtIn/BlocksAndTrees/Meshes/RockMoss1.fbx using Guid(aed4c3981a84aad4d9f48335fef1a4af) Importer(815301076,1909f56bfc062723c751e8b465ee728b)  -> (artifact id: '3d5caf782d57a3de37dca9de459dfb93') in 0.021806 seconds
Number of updated asset objects reloaded before import = 0
Number of asset objects unloaded after import = 11
========================================================================
Received Import Request.
  Time since last request: 0.000017 seconds.
  path: Assets/LowPolyEnviroPack_LITE_builtIn/BlocksAndTrees/Meshes/RockPlainGrey2.fbx
  artifactKey: Guid(33d70f8c8bfd4224d87e184cbf7fdf52) Importer(815301076,1909f56bfc062723c751e8b465ee728b)
Start importing Assets/LowPolyEnviroPack_LITE_builtIn/BlocksAndTrees/Meshes/RockPlainGrey2.fbx using Guid(33d70f8c8bfd4224d87e184cbf7fdf52) Importer(815301076,1909f56bfc062723c751e8b465ee728b)  -> (artifact id: 'ddfdef82d250a03460e9b3b605c0bdd5') in 0.019898 seconds
Number of updated asset objects reloaded before import = 0
Number of asset objects unloaded after import = 11
========================================================================
Received Import Request.
  Time since last request: 0.000019 seconds.
  path: Assets/LowPolyEnviroPack_LITE_builtIn/BlocksAndTrees/Meshes/RockMoss3.fbx
  artifactKey: Guid(ebeff7513dcf7d7499692ef3e32b6841) Importer(815301076,1909f56bfc062723c751e8b465ee728b)
Start importing Assets/LowPolyEnviroPack_LITE_builtIn/BlocksAndTrees/Meshes/RockMoss3.fbx using Guid(ebeff7513dcf7d7499692ef3e32b6841) Importer(815301076,1909f56bfc062723c751e8b465ee728b)  -> (artifact id: '84b3157a8017278168565692f2589171') in 0.018965 seconds
Number of updated asset objects reloaded before import = 0
Number of asset objects unloaded after import = 11
========================================================================
Received Import Request.
  Time since last request: 0.000017 seconds.
  path: Assets/LowPolyEnviroPack_LITE_builtIn/BlocksAndTrees/Meshes/SilverBirchTreeLarge.fbx
  artifactKey: Guid(9f8d4b60221bbb6439840c9bef8a3594) Importer(815301076,1909f56bfc062723c751e8b465ee728b)
Start importing Assets/LowPolyEnviroPack_LITE_builtIn/BlocksAndTrees/Meshes/SilverBirchTreeLarge.fbx using Guid(9f8d4b60221bbb6439840c9bef8a3594) Importer(815301076,1909f56bfc062723c751e8b465ee728b)  -> (artifact id: 'bf063dcf4b1f13dbbfc38d0adc58daee') in 0.019344 seconds
Number of updated asset objects reloaded before import = 0
Number of asset objects unloaded after import = 11
========================================================================
Received Import Request.
  Time since last request: 0.000020 seconds.
  path: Assets/LowPolyEnviroPack_LITE_builtIn/BlocksAndTrees/Meshes/Tree_Cube_Autumn_Small.fbx
  artifactKey: Guid(5ffaf7114e0b1064d97ff7616ad41415) Importer(815301076,1909f56bfc062723c751e8b465ee728b)
Start importing Assets/LowPolyEnviroPack_LITE_builtIn/BlocksAndTrees/Meshes/Tree_Cube_Autumn_Small.fbx using Guid(5ffaf7114e0b1064d97ff7616ad41415) Importer(815301076,1909f56bfc062723c751e8b465ee728b)  -> (artifact id: 'c412c852cbd0d268d86d9006c98e0c02') in 0.019717 seconds
Number of updated asset objects reloaded before import = 0
Number of asset objects unloaded after import = 11
========================================================================
Received Import Request.
  Time since last request: 0.373573 seconds.
  path: Assets/LowPolyEnviroPack_LITE_builtIn/BlocksAndTrees/Meshes/Tree_Cube_SumAut.fbx
  artifactKey: Guid(bcf8dbdc953823045bc011362fc77299) Importer(815301076,1909f56bfc062723c751e8b465ee728b)
Start importing Assets/LowPolyEnviroPack_LITE_builtIn/BlocksAndTrees/Meshes/Tree_Cube_SumAut.fbx using Guid(bcf8dbdc953823045bc011362fc77299) Importer(815301076,1909f56bfc062723c751e8b465ee728b)  -> (artifact id: '0d5c091f590a644690fd196aaacfdb9a') in 0.026525 seconds
Number of updated asset objects reloaded before import = 0
Number of asset objects unloaded after import = 11
========================================================================
Received Import Request.
  Time since last request: 0.000038 seconds.
  path: Assets/LowPolyEnviroPack_LITE_builtIn/BlocksAndTrees/Meshes/Tree_Cube_Winter.fbx
  artifactKey: Guid(b1fc4549a22793049b375cdf1b82802b) Importer(815301076,1909f56bfc062723c751e8b465ee728b)
Start importing Assets/LowPolyEnviroPack_LITE_builtIn/BlocksAndTrees/Meshes/Tree_Cube_Winter.fbx using Guid(b1fc4549a22793049b375cdf1b82802b) Importer(815301076,1909f56bfc062723c751e8b465ee728b)  -> (artifact id: '01c68d66b1fa891074d10a79f605bc0f') in 0.020086 seconds
Number of updated asset objects reloaded before import = 0
Number of asset objects unloaded after import = 11
========================================================================
Received Import Request.
  Time since last request: 0.000032 seconds.
  path: Assets/LowPolyEnviroPack_LITE_builtIn/BlocksAndTrees/Meshes/Tree_Cube_Summer_Small.fbx
  artifactKey: Guid(3892d9b28b6517942bcb5a9505583195) Importer(815301076,1909f56bfc062723c751e8b465ee728b)
Start importing Assets/LowPolyEnviroPack_LITE_builtIn/BlocksAndTrees/Meshes/Tree_Cube_Summer_Small.fbx using Guid(3892d9b28b6517942bcb5a9505583195) Importer(815301076,1909f56bfc062723c751e8b465ee728b)  -> (artifact id: '6df3654ab6d2f74ae3da947805c00089') in 0.021737 seconds
Number of updated asset objects reloaded before import = 0
Number of asset objects unloaded after import = 11
========================================================================
Received Import Request.
  Time since last request: 0.000020 seconds.
  path: Assets/LowPolyEnviroPack_LITE_builtIn/BlocksAndTrees/Meshes/Tree_Fern_Medium_SumAut.fbx
  artifactKey: Guid(14170a0d9e67a244ab362fee5c702312) Importer(815301076,1909f56bfc062723c751e8b465ee728b)
Start importing Assets/LowPolyEnviroPack_LITE_builtIn/BlocksAndTrees/Meshes/Tree_Fern_Medium_SumAut.fbx using Guid(14170a0d9e67a244ab362fee5c702312) Importer(815301076,1909f56bfc062723c751e8b465ee728b)  -> (artifact id: '26c168570c12428bca229d0c2d28e13c') in 0.020974 seconds
Number of updated asset objects reloaded before import = 0
Number of asset objects unloaded after import = 11
========================================================================
Received Import Request.
  Time since last request: 0.000017 seconds.
  path: Assets/LowPolyEnviroPack_LITE_builtIn/BlocksAndTrees/Meshes/Tree_Fern_Small_Winter.fbx
  artifactKey: Guid(a31004de3612a3e4e81fae9e0342cf4b) Importer(815301076,1909f56bfc062723c751e8b465ee728b)
Start importing Assets/LowPolyEnviroPack_LITE_builtIn/BlocksAndTrees/Meshes/Tree_Fern_Small_Winter.fbx using Guid(a31004de3612a3e4e81fae9e0342cf4b) Importer(815301076,1909f56bfc062723c751e8b465ee728b)  -> (artifact id: '206276212316a26003f8bf40072ddfb0') in 0.020579 seconds
Number of updated asset objects reloaded before import = 0
Number of asset objects unloaded after import = 11
========================================================================
Received Import Request.
  Time since last request: 0.000016 seconds.
  path: Assets/LowPolyEnviroPack_LITE_builtIn/BlocksAndTrees/Meshes/Tree_Fern_Small_Summer.fbx
  artifactKey: Guid(0922615b8cf37de4dbed5ebaeb515038) Importer(815301076,1909f56bfc062723c751e8b465ee728b)
Start importing Assets/LowPolyEnviroPack_LITE_builtIn/BlocksAndTrees/Meshes/Tree_Fern_Small_Summer.fbx using Guid(0922615b8cf37de4dbed5ebaeb515038) Importer(815301076,1909f56bfc062723c751e8b465ee728b)  -> (artifact id: '79b2f563de0b445e4436b9f9e7aec45e') in 0.018215 seconds
Number of updated asset objects reloaded before import = 0
Number of asset objects unloaded after import = 11
========================================================================
Received Import Request.
  Time since last request: 0.253054 seconds.
  path: Assets/LowPolyEnviroPack_LITE_builtIn/BlocksAndTrees/Meshes/Tree_Fern_SmallWide_Winter.fbx
  artifactKey: Guid(113fd9655d996b94f966b82dbaa448bb) Importer(815301076,1909f56bfc062723c751e8b465ee728b)
Start importing Assets/LowPolyEnviroPack_LITE_builtIn/BlocksAndTrees/Meshes/Tree_Fern_SmallWide_Winter.fbx using Guid(113fd9655d996b94f966b82dbaa448bb) Importer(815301076,1909f56bfc062723c751e8b465ee728b)  -> (artifact id: '5a43a834a5c5c2b068db211aaa5e2039') in 0.022540 seconds
Number of updated asset objects reloaded before import = 0
Number of asset objects unloaded after import = 11
========================================================================
Received Import Request.
  Time since last request: 0.000018 seconds.
  path: Assets/LowPolyEnviroPack_LITE_builtIn/BlocksAndTrees/Meshes/Tree_Large_A.fbx
  artifactKey: Guid(ace6af98ff58673479d67f37fd1d0516) Importer(815301076,1909f56bfc062723c751e8b465ee728b)
Start importing Assets/LowPolyEnviroPack_LITE_builtIn/BlocksAndTrees/Meshes/Tree_Large_A.fbx using Guid(ace6af98ff58673479d67f37fd1d0516) Importer(815301076,1909f56bfc062723c751e8b465ee728b)  -> (artifact id: 'faa66e299bb8fc79ecabf16eff714cf4') in 0.027256 seconds
Number of updated asset objects reloaded before import = 0
Number of asset objects unloaded after import = 11
========================================================================
Received Import Request.
  Time since last request: 0.000021 seconds.
  path: Assets/LowPolyEnviroPack_LITE_builtIn/BlocksAndTrees/Meshes/Tree_Fern_Tall_Summer.fbx
  artifactKey: Guid(8aed1ee6de482104398343e2285e22b8) Importer(815301076,1909f56bfc062723c751e8b465ee728b)
Start importing Assets/LowPolyEnviroPack_LITE_builtIn/BlocksAndTrees/Meshes/Tree_Fern_Tall_Summer.fbx using Guid(8aed1ee6de482104398343e2285e22b8) Importer(815301076,1909f56bfc062723c751e8b465ee728b)  -> (artifact id: '16da4cd433238d6a7a474757948facd9') in 0.021285 seconds
Number of updated asset objects reloaded before import = 0
Number of asset objects unloaded after import = 11
========================================================================
Received Import Request.
  Time since last request: 0.000027 seconds.
  path: Assets/LowPolyEnviroPack_LITE_builtIn/BlocksAndTrees/Meshes/Tree_Large_G.fbx
  artifactKey: Guid(74de74132c7221e47aed09faea909131) Importer(815301076,1909f56bfc062723c751e8b465ee728b)
Start importing Assets/LowPolyEnviroPack_LITE_builtIn/BlocksAndTrees/Meshes/Tree_Large_G.fbx using Guid(74de74132c7221e47aed09faea909131) Importer(815301076,1909f56bfc062723c751e8b465ee728b)  -> (artifact id: '1a4a0355295dbeab7ed8f31cc139fb60') in 0.023976 seconds
Number of updated asset objects reloaded before import = 0
Number of asset objects unloaded after import = 11
========================================================================
Received Import Request.
  Time since last request: 0.000018 seconds.
  path: Assets/LowPolyEnviroPack_LITE_builtIn/BlocksAndTrees/Meshes/Tree_Large_E.fbx
  artifactKey: Guid(1670ddb725ec5694db0be08f99b4ce79) Importer(815301076,1909f56bfc062723c751e8b465ee728b)
Start importing Assets/LowPolyEnviroPack_LITE_builtIn/BlocksAndTrees/Meshes/Tree_Large_E.fbx using Guid(1670ddb725ec5694db0be08f99b4ce79) Importer(815301076,1909f56bfc062723c751e8b465ee728b)  -> (artifact id: 'aeb655127daeb129d3f9708424ec8de4') in 0.020777 seconds
Number of updated asset objects reloaded before import = 0
Number of asset objects unloaded after import = 11
========================================================================
Received Import Request.
  Time since last request: 0.000019 seconds.
  path: Assets/LowPolyEnviroPack_LITE_builtIn/BlocksAndTrees/Meshes/Tree_Large_F.fbx
  artifactKey: Guid(552772bd693d5cc46b7a087cf9c2eb4d) Importer(815301076,1909f56bfc062723c751e8b465ee728b)
Start importing Assets/LowPolyEnviroPack_LITE_builtIn/BlocksAndTrees/Meshes/Tree_Large_F.fbx using Guid(552772bd693d5cc46b7a087cf9c2eb4d) Importer(815301076,1909f56bfc062723c751e8b465ee728b)  -> (artifact id: '62f8d652fe18d84cefb62d1fdff62cf4') in 0.021583 seconds
Number of updated asset objects reloaded before import = 0
Number of asset objects unloaded after import = 11
========================================================================
Received Import Request.
  Time since last request: 0.229763 seconds.
  path: Assets/LowPolyEnviroPack_LITE_builtIn/BlocksAndTrees/Meshes/Tree_Medium_E.fbx
  artifactKey: Guid(8ab510b9d675003459359a891c551dee) Importer(815301076,1909f56bfc062723c751e8b465ee728b)
Start importing Assets/LowPolyEnviroPack_LITE_builtIn/BlocksAndTrees/Meshes/Tree_Medium_E.fbx using Guid(8ab510b9d675003459359a891c551dee) Importer(815301076,1909f56bfc062723c751e8b465ee728b)  -> (artifact id: 'ff3d9547b34f25c1c8c58ab80629f1f7') in 0.023270 seconds
Number of updated asset objects reloaded before import = 0
Number of asset objects unloaded after import = 11
========================================================================
Received Import Request.
  Time since last request: 0.000018 seconds.
  path: Assets/LowPolyEnviroPack_LITE_builtIn/BlocksAndTrees/Meshes/Tree_Small_D.fbx
  artifactKey: Guid(577843e909849c74e92a3ea0cee5b53d) Importer(815301076,1909f56bfc062723c751e8b465ee728b)
Start importing Assets/LowPolyEnviroPack_LITE_builtIn/BlocksAndTrees/Meshes/Tree_Small_D.fbx using Guid(577843e909849c74e92a3ea0cee5b53d) Importer(815301076,1909f56bfc062723c751e8b465ee728b)  -> (artifact id: 'd0703f85063520733ed470b6d4e3c2c2') in 0.043642 seconds
Number of updated asset objects reloaded before import = 0
Number of asset objects unloaded after import = 11
========================================================================
Received Import Request.
  Time since last request: 0.000021 seconds.
  path: Assets/LowPolyEnviroPack_LITE_builtIn/BlocksAndTrees/Meshes/Tree_Small_F.fbx
  artifactKey: Guid(926d62e2ab4c8ea4eaa865d640788530) Importer(815301076,1909f56bfc062723c751e8b465ee728b)
Start importing Assets/LowPolyEnviroPack_LITE_builtIn/BlocksAndTrees/Meshes/Tree_Small_F.fbx using Guid(926d62e2ab4c8ea4eaa865d640788530) Importer(815301076,1909f56bfc062723c751e8b465ee728b)  -> (artifact id: 'c841eb2f83f232017f891b50d79d2e3d') in 0.018607 seconds
Number of updated asset objects reloaded before import = 0
Number of asset objects unloaded after import = 11
Editor requested this worker to shutdown with reason: Scaling down because of idle timeout
TcpMessagingSession - receive error: operation aborted. errorcode: 995, details: A operao de E/S foi anulada devido a uma sada de thread ou a uma requisio de aplicativo.
AssetImportWorker is now disconnected from the server
Process exiting
Exiting without the bug reporter. Application will terminate with return code 0